[2025-12-10 00:42:32] ERROR: (2002) Uncaught Exception PDOException: "SQLSTATE[HY000] [2002] Connection refused" at /var/www/html/application/Espo/ORM/PDO/MysqlPDOFactory.php line 73 :: /var/www/html/application/Espo/ORM/PDO/MysqlPDOFactory.php(73)
[2025-12-10 07:25:01] WARNING: (400) Bad field-level data. Scope *CCusomer* is not allowed. :: PUT /Role/69323f7382e1164ad :: /var/www/html/application/Espo/Classes/RecordHooks/Role/BeforeSaveValidate.php(210)
[2025-12-10 07:25:09] WARNING: (400) Bad field-level data. Scope *CCusomer* is not allowed. :: PUT /Role/69323f7382e1164ad :: /var/www/html/application/Espo/Classes/RecordHooks/Role/BeforeSaveValidate.php(210)
[2025-12-10 08:53:04] WARNING: E_WARNING: include(/var/www/html/data/cache/application/webhooks.php): Failed to open stream: No such file or directory
[2025-12-10 08:53:04] WARNING: E_WARNING: include(): Failed opening 'data/cache/application/webhooks.php' for inclusion (include_path='.:/usr/local/lib/php')
[2025-12-10 08:53:04] WARNING: E_WARNING: include(/var/www/html/data/cache/application/webhooks.php): Failed to open stream: No such file or directory
[2025-12-10 08:53:04] WARNING: E_WARNING: include(): Failed opening 'data/cache/application/webhooks.php' for inclusion (include_path='.:/usr/local/lib/php')
[2025-12-10 08:53:04] WARNING: E_WARNING: include(/var/www/html/data/cache/application/webhooks.php): Failed to open stream: No such file or directory
[2025-12-10 08:53:04] WARNING: E_WARNING: include(): Failed opening 'data/cache/application/webhooks.php' for inclusion (include_path='.:/usr/local/lib/php')
[2025-12-10 08:53:04] WARNING: E_WARNING: include(/var/www/html/data/cache/application/webhooks.php): Failed to open stream: No such file or directory
[2025-12-10 08:53:04] WARNING: E_WARNING: include(): Failed opening 'data/cache/application/webhooks.php' for inclusion (include_path='.:/usr/local/lib/php')
[2025-12-10 08:53:04] WARNING: E_WARNING: include(/var/www/html/data/cache/application/webhooks.php): Failed to open stream: No such file or directory
[2025-12-10 08:53:04] WARNING: E_WARNING: include(): Failed opening 'data/cache/application/webhooks.php' for inclusion (include_path='.:/usr/local/lib/php')
[2025-12-10 08:53:04] WARNING: E_WARNING: include(/var/www/html/data/cache/application/webhooks.php): Failed to open stream: No such file or directory
[2025-12-10 08:53:04] WARNING: E_WARNING: include(): Failed opening 'data/cache/application/webhooks.php' for inclusion (include_path='.:/usr/local/lib/php')
[2025-12-10 08:53:04] WARNING: E_WARNING: include(/var/www/html/data/cache/application/webhooks.php): Failed to open stream: No such file or directory
[2025-12-10 08:53:04] WARNING: E_WARNING: include(): Failed opening 'data/cache/application/webhooks.php' for inclusion (include_path='.:/usr/local/lib/php')
[2025-12-10 08:53:04] WARNING: E_WARNING: include(/var/www/html/data/cache/application/webhooks.php): Failed to open stream: No such file or directory
[2025-12-10 08:53:04] WARNING: E_WARNING: include(): Failed opening 'data/cache/application/webhooks.php' for inclusion (include_path='.:/usr/local/lib/php')
[2025-12-10 08:53:04] WARNING: E_WARNING: include(/var/www/html/data/cache/application/webhooks.php): Failed to open stream: No such file or directory
[2025-12-10 08:53:04] WARNING: E_WARNING: include(): Failed opening 'data/cache/application/webhooks.php' for inclusion (include_path='.:/usr/local/lib/php')
[2025-12-10 08:53:05] ERROR: JobTask: Failed to run job '693934efe871e747f'. Error: Bad data stored in file 'data/cache/application/webhooks.php'.
[2025-12-10 09:33:03] ERROR: (2002) Uncaught Exception PDOException: "SQLSTATE[HY000] [2002] php_network_getaddresses: getaddrinfo for pacific-home-db failed: Temporary failure in name resolution" at /var/www/html/application/Espo/ORM/PDO/MysqlPDOFactory.php line 73 :: /var/www/html/application/Espo/ORM/PDO/MysqlPDOFactory.php(73)
[2025-12-10 13:08:43] ERROR: (2002) Uncaught Exception PDOException: "SQLSTATE[HY000] [2002] Connection refused" at /var/www/html/application/Espo/ORM/PDO/MysqlPDOFactory.php line 73 :: /var/www/html/application/Espo/ORM/PDO/MysqlPDOFactory.php(73)
