[2025-12-26 02:33:02] NOTICE: E_DEPRECATED: Creation of dynamic property React\Socket\Connection::$decor is deprecated
[2025-12-26 02:33:02] NOTICE: E_DEPRECATED: Creation of dynamic property Ratchet\Server\IoConnection::$resourceId is deprecated
[2025-12-26 02:33:02] NOTICE: E_DEPRECATED: Creation of dynamic property Ratchet\Server\IoConnection::$remoteAddress is deprecated
[2025-12-26 02:33:02] NOTICE: E_DEPRECATED: Creation of dynamic property Ratchet\Server\IoConnection::$httpHeadersReceived is deprecated
[2025-12-26 02:33:02] NOTICE: E_DEPRECATED: Creation of dynamic property Ratchet\Server\IoConnection::$httpBuffer is deprecated
[2025-12-26 02:33:02] NOTICE: E_DEPRECATED: Creation of dynamic property Ratchet\Server\IoConnection::$httpRequest is deprecated
[2025-12-26 02:33:02] NOTICE: E_DEPRECATED: Creation of dynamic property Ratchet\Server\IoConnection::$WebSocket is deprecated
[2025-12-26 02:33:02] NOTICE: E_DEPRECATED: Creation of dynamic property Ratchet\Server\IoConnection::$WAMP is deprecated
[2025-12-26 02:34:27] NOTICE: E_USER_DEPRECATED: Accessing related records with Entity::get is deprecated. Use `$entityManager->getRelation(...)->find()`.
[2025-12-26 02:34:27] NOTICE: E_USER_DEPRECATED: Accessing related records with Entity::get is deprecated. Use `$entityManager->getRelation(...)->find()`.
[2025-12-26 02:34:27] NOTICE: E_USER_DEPRECATED: Accessing related records with Entity::get is deprecated. Use `$entityManager->getRelation(...)->find()`.
[2025-12-26 02:34:27] NOTICE: E_USER_DEPRECATED: Accessing related records with Entity::get is deprecated. Use `$entityManager->getRelation(...)->find()`.
[2025-12-26 02:34:27] NOTICE: E_USER_DEPRECATED: Accessing related records with Entity::get is deprecated. Use `$entityManager->getRelation(...)->find()`.
[2025-12-26 02:34:27] NOTICE: E_USER_DEPRECATED: Accessing related records with Entity::get is deprecated. Use `$entityManager->getRelation(...)->find()`.
[2025-12-26 02:34:27] NOTICE: E_USER_DEPRECATED: Accessing related records with Entity::get is deprecated. Use `$entityManager->getRelation(...)->find()`.
[2025-12-26 02:34:27] NOTICE: E_USER_DEPRECATED: Accessing related records with Entity::get is deprecated. Use `$entityManager->getRelation(...)->find()`.
[2025-12-26 02:34:27] NOTICE: E_USER_DEPRECATED: Accessing related records with Entity::get is deprecated. Use `$entityManager->getRelation(...)->find()`.
[2025-12-26 02:34:27] NOTICE: E_USER_DEPRECATED: Accessing related records with Entity::get is deprecated. Use `$entityManager->getRelation(...)->find()`.
[2025-12-26 02:34:27] NOTICE: E_USER_DEPRECATED: Accessing related records with Entity::get is deprecated. Use `$entityManager->getRelation(...)->find()`.
[2025-12-26 02:34:27] NOTICE: E_USER_DEPRECATED: Accessing related records with Entity::get is deprecated. Use `$entityManager->getRelation(...)->find()`.
[2025-12-26 02:34:27] NOTICE: E_USER_DEPRECATED: Accessing related records with Entity::get is deprecated. Use `$entityManager->getRelation(...)->find()`.
[2025-12-26 02:34:27] NOTICE: E_USER_DEPRECATED: Accessing related records with Entity::get is deprecated. Use `$entityManager->getRelation(...)->find()`.
[2025-12-26 02:34:27] NOTICE: E_USER_DEPRECATED: Accessing related records with Entity::get is deprecated. Use `$entityManager->getRelation(...)->find()`.
[2025-12-26 02:34:27] NOTICE: E_USER_DEPRECATED: Accessing related records with Entity::get is deprecated. Use `$entityManager->getRelation(...)->find()`.
[2025-12-26 02:34:27] NOTICE: E_USER_DEPRECATED: Accessing related records with Entity::get is deprecated. Use `$entityManager->getRelation(...)->find()`.
[2025-12-26 02:34:27] NOTICE: E_USER_DEPRECATED: Accessing related records with Entity::get is deprecated. Use `$entityManager->getRelation(...)->find()`.
[2025-12-26 02:34:27] NOTICE: E_USER_DEPRECATED: Accessing related records with Entity::get is deprecated. Use `$entityManager->getRelation(...)->find()`.
[2025-12-26 02:34:27] NOTICE: E_USER_DEPRECATED: Accessing related records with Entity::get is deprecated. Use `$entityManager->getRelation(...)->find()`.
[2025-12-26 02:35:09] NOTICE: E_DEPRECATED: Creation of dynamic property React\Socket\Connection::$decor is deprecated
[2025-12-26 02:35:09] NOTICE: E_DEPRECATED: Creation of dynamic property Ratchet\Server\IoConnection::$resourceId is deprecated
[2025-12-26 02:35:09] NOTICE: E_DEPRECATED: Creation of dynamic property Ratchet\Server\IoConnection::$remoteAddress is deprecated
[2025-12-26 02:35:09] NOTICE: E_DEPRECATED: Creation of dynamic property Ratchet\Server\IoConnection::$httpHeadersReceived is deprecated
[2025-12-26 02:35:09] NOTICE: E_DEPRECATED: Creation of dynamic property Ratchet\Server\IoConnection::$httpBuffer is deprecated
[2025-12-26 02:35:09] NOTICE: E_DEPRECATED: Creation of dynamic property Ratchet\Server\IoConnection::$httpRequest is deprecated
[2025-12-26 02:35:09] NOTICE: E_DEPRECATED: Creation of dynamic property Ratchet\Server\IoConnection::$WebSocket is deprecated
[2025-12-26 02:35:09] NOTICE: E_DEPRECATED: Creation of dynamic property Ratchet\Server\IoConnection::$WAMP is deprecated
[2025-12-26 02:41:20] NOTICE: E_USER_DEPRECATED: Accessing related records with Entity::get is deprecated. Use `$entityManager->getRelation(...)->find()`.
[2025-12-26 02:41:20] NOTICE: E_USER_DEPRECATED: Accessing related records with Entity::get is deprecated. Use `$entityManager->getRelation(...)->find()`.
[2025-12-26 02:41:20] NOTICE: E_USER_DEPRECATED: Accessing related records with Entity::get is deprecated. Use `$entityManager->getRelation(...)->find()`.
[2025-12-26 02:41:20] NOTICE: E_USER_DEPRECATED: Accessing related records with Entity::get is deprecated. Use `$entityManager->getRelation(...)->find()`.
[2025-12-26 02:41:20] NOTICE: E_USER_DEPRECATED: Accessing related records with Entity::get is deprecated. Use `$entityManager->getRelation(...)->find()`.
[2025-12-26 02:41:20] NOTICE: E_USER_DEPRECATED: Accessing related records with Entity::get is deprecated. Use `$entityManager->getRelation(...)->find()`.
[2025-12-26 02:41:20] NOTICE: E_USER_DEPRECATED: Accessing related records with Entity::get is deprecated. Use `$entityManager->getRelation(...)->find()`.
[2025-12-26 02:41:20] NOTICE: E_USER_DEPRECATED: Accessing related records with Entity::get is deprecated. Use `$entityManager->getRelation(...)->find()`.
[2025-12-26 02:41:20] NOTICE: E_USER_DEPRECATED: Accessing related records with Entity::get is deprecated. Use `$entityManager->getRelation(...)->find()`.
[2025-12-26 02:41:20] NOTICE: E_USER_DEPRECATED: Accessing related records with Entity::get is deprecated. Use `$entityManager->getRelation(...)->find()`.
[2025-12-26 02:41:20] NOTICE: E_USER_DEPRECATED: Accessing related records with Entity::get is deprecated. Use `$entityManager->getRelation(...)->find()`.
[2025-12-26 02:41:20] NOTICE: E_USER_DEPRECATED: Accessing related records with Entity::get is deprecated. Use `$entityManager->getRelation(...)->find()`.
[2025-12-26 02:41:20] NOTICE: E_USER_DEPRECATED: Accessing related records with Entity::get is deprecated. Use `$entityManager->getRelation(...)->find()`.
[2025-12-26 02:41:20] NOTICE: E_USER_DEPRECATED: Accessing related records with Entity::get is deprecated. Use `$entityManager->getRelation(...)->find()`.
[2025-12-26 02:41:20] NOTICE: E_USER_DEPRECATED: Accessing related records with Entity::get is deprecated. Use `$entityManager->getRelation(...)->find()`.
[2025-12-26 02:41:20] NOTICE: E_USER_DEPRECATED: Accessing related records with Entity::get is deprecated. Use `$entityManager->getRelation(...)->find()`.
[2025-12-26 02:41:20] NOTICE: E_USER_DEPRECATED: Accessing related records with Entity::get is deprecated. Use `$entityManager->getRelation(...)->find()`.
[2025-12-26 02:41:20] NOTICE: E_USER_DEPRECATED: Accessing related records with Entity::get is deprecated. Use `$entityManager->getRelation(...)->find()`.
[2025-12-26 02:41:20] NOTICE: E_USER_DEPRECATED: Accessing related records with Entity::get is deprecated. Use `$entityManager->getRelation(...)->find()`.
[2025-12-26 02:41:20] NOTICE: E_USER_DEPRECATED: Accessing related records with Entity::get is deprecated. Use `$entityManager->getRelation(...)->find()`.
[2025-12-26 02:45:07] NOTICE: E_DEPRECATED: Creation of dynamic property React\Socket\Connection::$decor is deprecated
[2025-12-26 02:45:07] NOTICE: E_DEPRECATED: Creation of dynamic property Ratchet\Server\IoConnection::$resourceId is deprecated
[2025-12-26 02:45:07] NOTICE: E_DEPRECATED: Creation of dynamic property Ratchet\Server\IoConnection::$remoteAddress is deprecated
[2025-12-26 02:45:07] NOTICE: E_DEPRECATED: Creation of dynamic property Ratchet\Server\IoConnection::$httpHeadersReceived is deprecated
[2025-12-26 02:45:07] NOTICE: E_DEPRECATED: Creation of dynamic property Ratchet\Server\IoConnection::$httpBuffer is deprecated
[2025-12-26 02:45:07] NOTICE: E_DEPRECATED: Creation of dynamic property Ratchet\Server\IoConnection::$httpRequest is deprecated
[2025-12-26 02:45:07] NOTICE: E_DEPRECATED: Creation of dynamic property Ratchet\Server\IoConnection::$WebSocket is deprecated
[2025-12-26 02:45:07] NOTICE: E_DEPRECATED: Creation of dynamic property Ratchet\Server\IoConnection::$WAMP is deprecated
[2025-12-26 02:45:56] NOTICE: E_DEPRECATED: Creation of dynamic property React\Socket\Connection::$decor is deprecated
[2025-12-26 02:45:56] NOTICE: E_DEPRECATED: Creation of dynamic property Ratchet\Server\IoConnection::$resourceId is deprecated
[2025-12-26 02:45:56] NOTICE: E_DEPRECATED: Creation of dynamic property Ratchet\Server\IoConnection::$remoteAddress is deprecated
[2025-12-26 02:45:56] NOTICE: E_DEPRECATED: Creation of dynamic property Ratchet\Server\IoConnection::$httpHeadersReceived is deprecated
[2025-12-26 02:45:56] NOTICE: E_DEPRECATED: Creation of dynamic property Ratchet\Server\IoConnection::$httpBuffer is deprecated
[2025-12-26 02:45:56] NOTICE: E_DEPRECATED: Creation of dynamic property Ratchet\Server\IoConnection::$httpRequest is deprecated
[2025-12-26 02:45:56] NOTICE: E_DEPRECATED: Creation of dynamic property Ratchet\Server\IoConnection::$WebSocket is deprecated
[2025-12-26 02:45:56] NOTICE: E_DEPRECATED: Creation of dynamic property Ratchet\Server\IoConnection::$WAMP is deprecated
[2025-12-26 02:46:00] NOTICE: E_USER_DEPRECATED: Accessing related records with Entity::get is deprecated. Use `$entityManager->getRelation(...)->find()`.
[2025-12-26 02:46:00] NOTICE: E_USER_DEPRECATED: Accessing related records with Entity::get is deprecated. Use `$entityManager->getRelation(...)->find()`.
[2025-12-26 02:46:00] NOTICE: E_USER_DEPRECATED: Accessing related records with Entity::get is deprecated. Use `$entityManager->getRelation(...)->find()`.
[2025-12-26 02:46:00] NOTICE: E_USER_DEPRECATED: Accessing related records with Entity::get is deprecated. Use `$entityManager->getRelation(...)->find()`.
[2025-12-26 02:46:00] NOTICE: E_USER_DEPRECATED: Accessing related records with Entity::get is deprecated. Use `$entityManager->getRelation(...)->find()`.
[2025-12-26 02:46:00] NOTICE: E_USER_DEPRECATED: Accessing related records with Entity::get is deprecated. Use `$entityManager->getRelation(...)->find()`.
[2025-12-26 02:46:00] NOTICE: E_USER_DEPRECATED: Accessing related records with Entity::get is deprecated. Use `$entityManager->getRelation(...)->find()`.
[2025-12-26 02:46:00] NOTICE: E_USER_DEPRECATED: Accessing related records with Entity::get is deprecated. Use `$entityManager->getRelation(...)->find()`.
[2025-12-26 02:46:00] NOTICE: E_USER_DEPRECATED: Accessing related records with Entity::get is deprecated. Use `$entityManager->getRelation(...)->find()`.
[2025-12-26 02:46:00] NOTICE: E_USER_DEPRECATED: Accessing related records with Entity::get is deprecated. Use `$entityManager->getRelation(...)->find()`.
[2025-12-26 02:46:00] NOTICE: E_USER_DEPRECATED: Accessing related records with Entity::get is deprecated. Use `$entityManager->getRelation(...)->find()`.
[2025-12-26 02:46:00] NOTICE: E_USER_DEPRECATED: Accessing related records with Entity::get is deprecated. Use `$entityManager->getRelation(...)->find()`.
[2025-12-26 02:46:00] NOTICE: E_USER_DEPRECATED: Accessing related records with Entity::get is deprecated. Use `$entityManager->getRelation(...)->find()`.
[2025-12-26 02:46:00] NOTICE: E_USER_DEPRECATED: Accessing related records with Entity::get is deprecated. Use `$entityManager->getRelation(...)->find()`.
[2025-12-26 02:46:00] NOTICE: E_USER_DEPRECATED: Accessing related records with Entity::get is deprecated. Use `$entityManager->getRelation(...)->find()`.
[2025-12-26 02:46:00] NOTICE: E_USER_DEPRECATED: Accessing related records with Entity::get is deprecated. Use `$entityManager->getRelation(...)->find()`.
[2025-12-26 02:46:00] NOTICE: E_USER_DEPRECATED: Accessing related records with Entity::get is deprecated. Use `$entityManager->getRelation(...)->find()`.
[2025-12-26 02:46:00] NOTICE: E_USER_DEPRECATED: Accessing related records with Entity::get is deprecated. Use `$entityManager->getRelation(...)->find()`.
[2025-12-26 02:46:00] NOTICE: E_USER_DEPRECATED: Accessing related records with Entity::get is deprecated. Use `$entityManager->getRelation(...)->find()`.
[2025-12-26 02:46:00] NOTICE: E_USER_DEPRECATED: Accessing related records with Entity::get is deprecated. Use `$entityManager->getRelation(...)->find()`.
[2025-12-26 03:01:03] NOTICE: E_DEPRECATED: Creation of dynamic property React\Socket\Connection::$decor is deprecated
[2025-12-26 03:01:03] NOTICE: E_DEPRECATED: Creation of dynamic property Ratchet\Server\IoConnection::$resourceId is deprecated
[2025-12-26 03:01:03] NOTICE: E_DEPRECATED: Creation of dynamic property Ratchet\Server\IoConnection::$remoteAddress is deprecated
[2025-12-26 03:01:03] NOTICE: E_DEPRECATED: Creation of dynamic property Ratchet\Server\IoConnection::$httpHeadersReceived is deprecated
[2025-12-26 03:01:03] NOTICE: E_DEPRECATED: Creation of dynamic property Ratchet\Server\IoConnection::$httpBuffer is deprecated
[2025-12-26 03:01:03] NOTICE: E_DEPRECATED: Creation of dynamic property Ratchet\Server\IoConnection::$httpRequest is deprecated
[2025-12-26 03:01:03] NOTICE: E_DEPRECATED: Creation of dynamic property Ratchet\Server\IoConnection::$WebSocket is deprecated
[2025-12-26 03:01:03] NOTICE: E_DEPRECATED: Creation of dynamic property Ratchet\Server\IoConnection::$WAMP is deprecated
[2025-12-26 03:02:55] NOTICE: E_DEPRECATED: Creation of dynamic property React\Socket\Connection::$decor is deprecated
[2025-12-26 03:02:55] NOTICE: E_DEPRECATED: Creation of dynamic property Ratchet\Server\IoConnection::$resourceId is deprecated
[2025-12-26 03:02:55] NOTICE: E_DEPRECATED: Creation of dynamic property Ratchet\Server\IoConnection::$remoteAddress is deprecated
[2025-12-26 03:02:55] NOTICE: E_DEPRECATED: Creation of dynamic property Ratchet\Server\IoConnection::$httpHeadersReceived is deprecated
[2025-12-26 03:02:55] NOTICE: E_DEPRECATED: Creation of dynamic property Ratchet\Server\IoConnection::$httpBuffer is deprecated
[2025-12-26 03:02:55] NOTICE: E_DEPRECATED: Creation of dynamic property Ratchet\Server\IoConnection::$httpRequest is deprecated
[2025-12-26 03:02:55] NOTICE: E_DEPRECATED: Creation of dynamic property Ratchet\Server\IoConnection::$WebSocket is deprecated
[2025-12-26 03:02:55] NOTICE: E_DEPRECATED: Creation of dynamic property Ratchet\Server\IoConnection::$WAMP is deprecated
[2025-12-26 03:07:03] INFO: Auth: Trying to login as user 'admin' by token but token is not found.
[2025-12-26 03:07:04] NOTICE: E_DEPRECATED: Creation of dynamic property React\Socket\Connection::$decor is deprecated
[2025-12-26 03:07:04] NOTICE: E_DEPRECATED: Creation of dynamic property Ratchet\Server\IoConnection::$resourceId is deprecated
[2025-12-26 03:07:04] NOTICE: E_DEPRECATED: Creation of dynamic property Ratchet\Server\IoConnection::$remoteAddress is deprecated
[2025-12-26 03:07:04] NOTICE: E_DEPRECATED: Creation of dynamic property Ratchet\Server\IoConnection::$httpHeadersReceived is deprecated
[2025-12-26 03:07:04] NOTICE: E_DEPRECATED: Creation of dynamic property Ratchet\Server\IoConnection::$httpBuffer is deprecated
[2025-12-26 03:07:04] NOTICE: E_DEPRECATED: Creation of dynamic property Ratchet\Server\IoConnection::$httpRequest is deprecated
[2025-12-26 03:07:04] NOTICE: E_DEPRECATED: Creation of dynamic property Ratchet\Server\IoConnection::$WebSocket is deprecated
[2025-12-26 03:07:04] NOTICE: E_DEPRECATED: Creation of dynamic property Ratchet\Server\IoConnection::$WAMP is deprecated
[2025-12-26 03:07:21] INFO: Schema, query: ALTER TABLE c_product CHANGE land_fund land_fund VARCHAR(100) CHARACTER SET utf8mb4 DEFAULT NULL COLLATE `utf8mb4_unicode_ci`
[2025-12-26 03:07:55] NOTICE: E_USER_DEPRECATED: Accessing related records with Entity::get is deprecated. Use `$entityManager->getRelation(...)->find()`.
[2025-12-26 03:07:55] NOTICE: E_USER_DEPRECATED: Accessing related records with Entity::get is deprecated. Use `$entityManager->getRelation(...)->find()`.
[2025-12-26 03:07:55] NOTICE: E_USER_DEPRECATED: Accessing related records with Entity::get is deprecated. Use `$entityManager->getRelation(...)->find()`.
[2025-12-26 03:07:55] NOTICE: E_USER_DEPRECATED: Accessing related records with Entity::get is deprecated. Use `$entityManager->getRelation(...)->find()`.
[2025-12-26 03:07:55] NOTICE: E_USER_DEPRECATED: Accessing related records with Entity::get is deprecated. Use `$entityManager->getRelation(...)->find()`.
[2025-12-26 03:07:55] NOTICE: E_USER_DEPRECATED: Accessing related records with Entity::get is deprecated. Use `$entityManager->getRelation(...)->find()`.
[2025-12-26 03:07:55] NOTICE: E_USER_DEPRECATED: Accessing related records with Entity::get is deprecated. Use `$entityManager->getRelation(...)->find()`.
[2025-12-26 03:07:55] NOTICE: E_USER_DEPRECATED: Accessing related records with Entity::get is deprecated. Use `$entityManager->getRelation(...)->find()`.
[2025-12-26 03:07:55] NOTICE: E_USER_DEPRECATED: Accessing related records with Entity::get is deprecated. Use `$entityManager->getRelation(...)->find()`.
[2025-12-26 03:07:55] NOTICE: E_USER_DEPRECATED: Accessing related records with Entity::get is deprecated. Use `$entityManager->getRelation(...)->find()`.
[2025-12-26 03:07:55] NOTICE: E_USER_DEPRECATED: Accessing related records with Entity::get is deprecated. Use `$entityManager->getRelation(...)->find()`.
[2025-12-26 03:07:55] NOTICE: E_USER_DEPRECATED: Accessing related records with Entity::get is deprecated. Use `$entityManager->getRelation(...)->find()`.
[2025-12-26 03:07:55] NOTICE: E_USER_DEPRECATED: Accessing related records with Entity::get is deprecated. Use `$entityManager->getRelation(...)->find()`.
[2025-12-26 03:07:55] NOTICE: E_USER_DEPRECATED: Accessing related records with Entity::get is deprecated. Use `$entityManager->getRelation(...)->find()`.
[2025-12-26 03:07:55] NOTICE: E_USER_DEPRECATED: Accessing related records with Entity::get is deprecated. Use `$entityManager->getRelation(...)->find()`.
[2025-12-26 03:07:55] NOTICE: E_USER_DEPRECATED: Accessing related records with Entity::get is deprecated. Use `$entityManager->getRelation(...)->find()`.
[2025-12-26 03:07:55] NOTICE: E_USER_DEPRECATED: Accessing related records with Entity::get is deprecated. Use `$entityManager->getRelation(...)->find()`.
[2025-12-26 03:07:55] NOTICE: E_USER_DEPRECATED: Accessing related records with Entity::get is deprecated. Use `$entityManager->getRelation(...)->find()`.
[2025-12-26 03:07:55] NOTICE: E_USER_DEPRECATED: Accessing related records with Entity::get is deprecated. Use `$entityManager->getRelation(...)->find()`.
[2025-12-26 03:07:55] NOTICE: E_USER_DEPRECATED: Accessing related records with Entity::get is deprecated. Use `$entityManager->getRelation(...)->find()`.
[2025-12-26 03:09:32] NOTICE: E_DEPRECATED: Creation of dynamic property React\Socket\Connection::$decor is deprecated
[2025-12-26 03:09:32] NOTICE: E_DEPRECATED: Creation of dynamic property Ratchet\Server\IoConnection::$resourceId is deprecated
[2025-12-26 03:09:32] NOTICE: E_DEPRECATED: Creation of dynamic property Ratchet\Server\IoConnection::$remoteAddress is deprecated
[2025-12-26 03:09:32] NOTICE: E_DEPRECATED: Creation of dynamic property Ratchet\Server\IoConnection::$httpHeadersReceived is deprecated
[2025-12-26 03:09:32] NOTICE: E_DEPRECATED: Creation of dynamic property Ratchet\Server\IoConnection::$httpBuffer is deprecated
[2025-12-26 03:09:32] NOTICE: E_DEPRECATED: Creation of dynamic property Ratchet\Server\IoConnection::$httpRequest is deprecated
[2025-12-26 03:09:32] NOTICE: E_DEPRECATED: Creation of dynamic property Ratchet\Server\IoConnection::$WebSocket is deprecated
[2025-12-26 03:09:32] NOTICE: E_DEPRECATED: Creation of dynamic property Ratchet\Server\IoConnection::$WAMP is deprecated
[2025-12-26 03:09:32] NOTICE: E_USER_DEPRECATED: Accessing related records with Entity::get is deprecated. Use `$entityManager->getRelation(...)->find()`.
[2025-12-26 03:09:32] NOTICE: E_USER_DEPRECATED: Accessing related records with Entity::get is deprecated. Use `$entityManager->getRelation(...)->find()`.
[2025-12-26 03:09:32] NOTICE: E_USER_DEPRECATED: Accessing related records with Entity::get is deprecated. Use `$entityManager->getRelation(...)->find()`.
[2025-12-26 03:09:32] NOTICE: E_USER_DEPRECATED: Accessing related records with Entity::get is deprecated. Use `$entityManager->getRelation(...)->find()`.
[2025-12-26 03:09:32] NOTICE: E_USER_DEPRECATED: Accessing related records with Entity::get is deprecated. Use `$entityManager->getRelation(...)->find()`.
[2025-12-26 03:09:32] NOTICE: E_USER_DEPRECATED: Accessing related records with Entity::get is deprecated. Use `$entityManager->getRelation(...)->find()`.
[2025-12-26 03:09:32] NOTICE: E_USER_DEPRECATED: Accessing related records with Entity::get is deprecated. Use `$entityManager->getRelation(...)->find()`.
[2025-12-26 03:09:32] NOTICE: E_USER_DEPRECATED: Accessing related records with Entity::get is deprecated. Use `$entityManager->getRelation(...)->find()`.
[2025-12-26 03:09:32] NOTICE: E_USER_DEPRECATED: Accessing related records with Entity::get is deprecated. Use `$entityManager->getRelation(...)->find()`.
[2025-12-26 03:09:32] NOTICE: E_USER_DEPRECATED: Accessing related records with Entity::get is deprecated. Use `$entityManager->getRelation(...)->find()`.
[2025-12-26 03:09:32] NOTICE: E_USER_DEPRECATED: Accessing related records with Entity::get is deprecated. Use `$entityManager->getRelation(...)->find()`.
[2025-12-26 03:09:32] NOTICE: E_USER_DEPRECATED: Accessing related records with Entity::get is deprecated. Use `$entityManager->getRelation(...)->find()`.
[2025-12-26 03:09:32] NOTICE: E_USER_DEPRECATED: Accessing related records with Entity::get is deprecated. Use `$entityManager->getRelation(...)->find()`.
[2025-12-26 03:09:32] NOTICE: E_USER_DEPRECATED: Accessing related records with Entity::get is deprecated. Use `$entityManager->getRelation(...)->find()`.
[2025-12-26 03:09:32] NOTICE: E_USER_DEPRECATED: Accessing related records with Entity::get is deprecated. Use `$entityManager->getRelation(...)->find()`.
[2025-12-26 03:09:32] NOTICE: E_USER_DEPRECATED: Accessing related records with Entity::get is deprecated. Use `$entityManager->getRelation(...)->find()`.
[2025-12-26 03:09:32] NOTICE: E_USER_DEPRECATED: Accessing related records with Entity::get is deprecated. Use `$entityManager->getRelation(...)->find()`.
[2025-12-26 03:09:32] NOTICE: E_USER_DEPRECATED: Accessing related records with Entity::get is deprecated. Use `$entityManager->getRelation(...)->find()`.
[2025-12-26 03:09:32] NOTICE: E_USER_DEPRECATED: Accessing related records with Entity::get is deprecated. Use `$entityManager->getRelation(...)->find()`.
[2025-12-26 03:09:32] NOTICE: E_USER_DEPRECATED: Accessing related records with Entity::get is deprecated. Use `$entityManager->getRelation(...)->find()`.
[2025-12-26 03:09:35] NOTICE: E_USER_DEPRECATED: Accessing related records with Entity::get is deprecated. Use `$entityManager->getRelation(...)->find()`.
[2025-12-26 03:09:35] NOTICE: E_USER_DEPRECATED: Accessing related records with Entity::get is deprecated. Use `$entityManager->getRelation(...)->find()`.
[2025-12-26 03:09:55] NOTICE: E_USER_DEPRECATED: Accessing related records with Entity::get is deprecated. Use `$entityManager->getRelation(...)->find()`.
[2025-12-26 03:09:55] NOTICE: E_USER_DEPRECATED: Accessing related records with Entity::get is deprecated. Use `$entityManager->getRelation(...)->find()`.
[2025-12-26 03:09:55] NOTICE: E_USER_DEPRECATED: Accessing related records with Entity::get is deprecated. Use `$entityManager->getRelation(...)->find()`.
[2025-12-26 03:09:56] NOTICE: E_USER_DEPRECATED: Accessing related records with Entity::get is deprecated. Use `$entityManager->getRelation(...)->find()`.
[2025-12-26 03:09:56] NOTICE: E_USER_DEPRECATED: Accessing related records with Entity::get is deprecated. Use `$entityManager->getRelation(...)->find()`.
[2025-12-26 03:09:56] NOTICE: E_USER_DEPRECATED: Accessing related records with Entity::get is deprecated. Use `$entityManager->getRelation(...)->find()`.
[2025-12-26 03:10:10] NOTICE: E_USER_DEPRECATED: Accessing related records with Entity::get is deprecated. Use `$entityManager->getRelation(...)->find()`.
[2025-12-26 03:10:10] NOTICE: E_USER_DEPRECATED: Accessing related records with Entity::get is deprecated. Use `$entityManager->getRelation(...)->find()`.
[2025-12-26 03:10:10] NOTICE: E_USER_DEPRECATED: Accessing related records with Entity::get is deprecated. Use `$entityManager->getRelation(...)->find()`.
[2025-12-26 03:10:10] NOTICE: E_USER_DEPRECATED: Accessing related records with Entity::get is deprecated. Use `$entityManager->getRelation(...)->find()`.
[2025-12-26 03:10:10] NOTICE: E_USER_DEPRECATED: Accessing related records with Entity::get is deprecated. Use `$entityManager->getRelation(...)->find()`.
[2025-12-26 03:10:10] NOTICE: E_USER_DEPRECATED: Accessing related records with Entity::get is deprecated. Use `$entityManager->getRelation(...)->find()`.
[2025-12-26 03:10:10] NOTICE: E_USER_DEPRECATED: Accessing related records with Entity::get is deprecated. Use `$entityManager->getRelation(...)->find()`.
[2025-12-26 03:10:10] NOTICE: E_USER_DEPRECATED: Accessing related records with Entity::get is deprecated. Use `$entityManager->getRelation(...)->find()`.
[2025-12-26 03:10:10] NOTICE: E_USER_DEPRECATED: Accessing related records with Entity::get is deprecated. Use `$entityManager->getRelation(...)->find()`.
[2025-12-26 03:10:10] NOTICE: E_USER_DEPRECATED: Accessing related records with Entity::get is deprecated. Use `$entityManager->getRelation(...)->find()`.
[2025-12-26 03:10:10] NOTICE: E_USER_DEPRECATED: Accessing related records with Entity::get is deprecated. Use `$entityManager->getRelation(...)->find()`.
[2025-12-26 03:10:10] NOTICE: E_USER_DEPRECATED: Accessing related records with Entity::get is deprecated. Use `$entityManager->getRelation(...)->find()`.
[2025-12-26 03:10:10] NOTICE: E_USER_DEPRECATED: Accessing related records with Entity::get is deprecated. Use `$entityManager->getRelation(...)->find()`.
[2025-12-26 03:10:10] NOTICE: E_USER_DEPRECATED: Accessing related records with Entity::get is deprecated. Use `$entityManager->getRelation(...)->find()`.
[2025-12-26 03:10:10] NOTICE: E_USER_DEPRECATED: Accessing related records with Entity::get is deprecated. Use `$entityManager->getRelation(...)->find()`.
[2025-12-26 03:10:10] NOTICE: E_USER_DEPRECATED: Accessing related records with Entity::get is deprecated. Use `$entityManager->getRelation(...)->find()`.
[2025-12-26 03:10:10] NOTICE: E_USER_DEPRECATED: Accessing related records with Entity::get is deprecated. Use `$entityManager->getRelation(...)->find()`.
[2025-12-26 03:10:10] NOTICE: E_USER_DEPRECATED: Accessing related records with Entity::get is deprecated. Use `$entityManager->getRelation(...)->find()`.
[2025-12-26 03:10:10] NOTICE: E_USER_DEPRECATED: Accessing related records with Entity::get is deprecated. Use `$entityManager->getRelation(...)->find()`.
[2025-12-26 03:10:10] NOTICE: E_USER_DEPRECATED: Accessing related records with Entity::get is deprecated. Use `$entityManager->getRelation(...)->find()`.
[2025-12-26 03:10:16] NOTICE: E_USER_DEPRECATED: Accessing related records with Entity::get is deprecated. Use `$entityManager->getRelation(...)->find()`.
[2025-12-26 03:10:16] NOTICE: E_USER_DEPRECATED: Accessing related records with Entity::get is deprecated. Use `$entityManager->getRelation(...)->find()`.
[2025-12-26 03:10:16] NOTICE: E_USER_DEPRECATED: Accessing related records with Entity::get is deprecated. Use `$entityManager->getRelation(...)->find()`.
[2025-12-26 03:10:16] NOTICE: E_USER_DEPRECATED: Accessing related records with Entity::get is deprecated. Use `$entityManager->getRelation(...)->find()`.
[2025-12-26 03:10:16] NOTICE: E_USER_DEPRECATED: Accessing related records with Entity::get is deprecated. Use `$entityManager->getRelation(...)->find()`.
[2025-12-26 03:10:16] NOTICE: E_USER_DEPRECATED: Accessing related records with Entity::get is deprecated. Use `$entityManager->getRelation(...)->find()`.
[2025-12-26 03:10:16] NOTICE: E_USER_DEPRECATED: Accessing related records with Entity::get is deprecated. Use `$entityManager->getRelation(...)->find()`.
[2025-12-26 03:10:16] NOTICE: E_USER_DEPRECATED: Accessing related records with Entity::get is deprecated. Use `$entityManager->getRelation(...)->find()`.
[2025-12-26 03:10:16] NOTICE: E_USER_DEPRECATED: Accessing related records with Entity::get is deprecated. Use `$entityManager->getRelation(...)->find()`.
[2025-12-26 03:10:16] NOTICE: E_USER_DEPRECATED: Accessing related records with Entity::get is deprecated. Use `$entityManager->getRelation(...)->find()`.
[2025-12-26 03:10:16] NOTICE: E_USER_DEPRECATED: Accessing related records with Entity::get is deprecated. Use `$entityManager->getRelation(...)->find()`.
[2025-12-26 03:10:16] NOTICE: E_USER_DEPRECATED: Accessing related records with Entity::get is deprecated. Use `$entityManager->getRelation(...)->find()`.
[2025-12-26 03:10:16] NOTICE: E_USER_DEPRECATED: Accessing related records with Entity::get is deprecated. Use `$entityManager->getRelation(...)->find()`.
[2025-12-26 03:10:16] NOTICE: E_USER_DEPRECATED: Accessing related records with Entity::get is deprecated. Use `$entityManager->getRelation(...)->find()`.
[2025-12-26 03:10:16] NOTICE: E_USER_DEPRECATED: Accessing related records with Entity::get is deprecated. Use `$entityManager->getRelation(...)->find()`.
[2025-12-26 03:10:16] NOTICE: E_USER_DEPRECATED: Accessing related records with Entity::get is deprecated. Use `$entityManager->getRelation(...)->find()`.
[2025-12-26 03:10:16] NOTICE: E_USER_DEPRECATED: Accessing related records with Entity::get is deprecated. Use `$entityManager->getRelation(...)->find()`.
[2025-12-26 03:10:16] NOTICE: E_USER_DEPRECATED: Accessing related records with Entity::get is deprecated. Use `$entityManager->getRelation(...)->find()`.
[2025-12-26 03:10:16] NOTICE: E_USER_DEPRECATED: Accessing related records with Entity::get is deprecated. Use `$entityManager->getRelation(...)->find()`.
[2025-12-26 03:10:16] NOTICE: E_USER_DEPRECATED: Accessing related records with Entity::get is deprecated. Use `$entityManager->getRelation(...)->find()`.
[2025-12-26 03:10:21] NOTICE: E_USER_DEPRECATED: Accessing related records with Entity::get is deprecated. Use `$entityManager->getRelation(...)->find()`.
[2025-12-26 03:10:21] NOTICE: E_USER_DEPRECATED: Accessing related records with Entity::get is deprecated. Use `$entityManager->getRelation(...)->find()`.
[2025-12-26 03:10:21] NOTICE: E_USER_DEPRECATED: Accessing related records with Entity::get is deprecated. Use `$entityManager->getRelation(...)->find()`.
[2025-12-26 03:10:21] NOTICE: E_USER_DEPRECATED: Accessing related records with Entity::get is deprecated. Use `$entityManager->getRelation(...)->find()`.
[2025-12-26 03:10:21] NOTICE: E_USER_DEPRECATED: Accessing related records with Entity::get is deprecated. Use `$entityManager->getRelation(...)->find()`.
[2025-12-26 03:10:21] NOTICE: E_USER_DEPRECATED: Accessing related records with Entity::get is deprecated. Use `$entityManager->getRelation(...)->find()`.
[2025-12-26 03:10:21] NOTICE: E_USER_DEPRECATED: Accessing related records with Entity::get is deprecated. Use `$entityManager->getRelation(...)->find()`.
[2025-12-26 03:10:21] NOTICE: E_USER_DEPRECATED: Accessing related records with Entity::get is deprecated. Use `$entityManager->getRelation(...)->find()`.
[2025-12-26 03:10:21] NOTICE: E_USER_DEPRECATED: Accessing related records with Entity::get is deprecated. Use `$entityManager->getRelation(...)->find()`.
[2025-12-26 03:10:21] NOTICE: E_USER_DEPRECATED: Accessing related records with Entity::get is deprecated. Use `$entityManager->getRelation(...)->find()`.
[2025-12-26 03:10:21] NOTICE: E_USER_DEPRECATED: Accessing related records with Entity::get is deprecated. Use `$entityManager->getRelation(...)->find()`.
[2025-12-26 03:10:21] NOTICE: E_USER_DEPRECATED: Accessing related records with Entity::get is deprecated. Use `$entityManager->getRelation(...)->find()`.
[2025-12-26 03:10:21] NOTICE: E_USER_DEPRECATED: Accessing related records with Entity::get is deprecated. Use `$entityManager->getRelation(...)->find()`.
[2025-12-26 03:10:21] NOTICE: E_USER_DEPRECATED: Accessing related records with Entity::get is deprecated. Use `$entityManager->getRelation(...)->find()`.
[2025-12-26 03:10:21] NOTICE: E_USER_DEPRECATED: Accessing related records with Entity::get is deprecated. Use `$entityManager->getRelation(...)->find()`.
[2025-12-26 03:10:21] NOTICE: E_USER_DEPRECATED: Accessing related records with Entity::get is deprecated. Use `$entityManager->getRelation(...)->find()`.
[2025-12-26 03:10:21] NOTICE: E_USER_DEPRECATED: Accessing related records with Entity::get is deprecated. Use `$entityManager->getRelation(...)->find()`.
[2025-12-26 03:10:21] NOTICE: E_USER_DEPRECATED: Accessing related records with Entity::get is deprecated. Use `$entityManager->getRelation(...)->find()`.
[2025-12-26 03:10:21] NOTICE: E_USER_DEPRECATED: Accessing related records with Entity::get is deprecated. Use `$entityManager->getRelation(...)->find()`.
[2025-12-26 03:10:21] NOTICE: E_USER_DEPRECATED: Accessing related records with Entity::get is deprecated. Use `$entityManager->getRelation(...)->find()`.
[2025-12-26 03:10:28] NOTICE: E_USER_DEPRECATED: Accessing related records with Entity::get is deprecated. Use `$entityManager->getRelation(...)->find()`.
[2025-12-26 03:10:28] NOTICE: E_USER_DEPRECATED: Accessing related records with Entity::get is deprecated. Use `$entityManager->getRelation(...)->find()`.
[2025-12-26 03:10:28] NOTICE: E_USER_DEPRECATED: Accessing related records with Entity::get is deprecated. Use `$entityManager->getRelation(...)->find()`.
[2025-12-26 03:10:28] NOTICE: E_USER_DEPRECATED: Accessing related records with Entity::get is deprecated. Use `$entityManager->getRelation(...)->find()`.
[2025-12-26 03:10:28] NOTICE: E_USER_DEPRECATED: Accessing related records with Entity::get is deprecated. Use `$entityManager->getRelation(...)->find()`.
[2025-12-26 03:10:28] NOTICE: E_USER_DEPRECATED: Accessing related records with Entity::get is deprecated. Use `$entityManager->getRelation(...)->find()`.
[2025-12-26 03:10:28] NOTICE: E_USER_DEPRECATED: Accessing related records with Entity::get is deprecated. Use `$entityManager->getRelation(...)->find()`.
[2025-12-26 03:10:28] NOTICE: E_USER_DEPRECATED: Accessing related records with Entity::get is deprecated. Use `$entityManager->getRelation(...)->find()`.
[2025-12-26 03:10:28] NOTICE: E_USER_DEPRECATED: Accessing related records with Entity::get is deprecated. Use `$entityManager->getRelation(...)->find()`.
[2025-12-26 03:10:28] NOTICE: E_USER_DEPRECATED: Accessing related records with Entity::get is deprecated. Use `$entityManager->getRelation(...)->find()`.
[2025-12-26 03:10:28] NOTICE: E_USER_DEPRECATED: Accessing related records with Entity::get is deprecated. Use `$entityManager->getRelation(...)->find()`.
[2025-12-26 03:10:28] NOTICE: E_USER_DEPRECATED: Accessing related records with Entity::get is deprecated. Use `$entityManager->getRelation(...)->find()`.
[2025-12-26 03:10:28] NOTICE: E_USER_DEPRECATED: Accessing related records with Entity::get is deprecated. Use `$entityManager->getRelation(...)->find()`.
[2025-12-26 03:10:28] NOTICE: E_USER_DEPRECATED: Accessing related records with Entity::get is deprecated. Use `$entityManager->getRelation(...)->find()`.
[2025-12-26 03:10:28] NOTICE: E_USER_DEPRECATED: Accessing related records with Entity::get is deprecated. Use `$entityManager->getRelation(...)->find()`.
[2025-12-26 03:10:28] NOTICE: E_USER_DEPRECATED: Accessing related records with Entity::get is deprecated. Use `$entityManager->getRelation(...)->find()`.
[2025-12-26 03:10:28] NOTICE: E_USER_DEPRECATED: Accessing related records with Entity::get is deprecated. Use `$entityManager->getRelation(...)->find()`.
[2025-12-26 03:10:28] NOTICE: E_USER_DEPRECATED: Accessing related records with Entity::get is deprecated. Use `$entityManager->getRelation(...)->find()`.
[2025-12-26 03:10:28] NOTICE: E_USER_DEPRECATED: Accessing related records with Entity::get is deprecated. Use `$entityManager->getRelation(...)->find()`.
[2025-12-26 03:10:28] NOTICE: E_USER_DEPRECATED: Accessing related records with Entity::get is deprecated. Use `$entityManager->getRelation(...)->find()`.
[2025-12-26 03:14:44] NOTICE: E_DEPRECATED: Creation of dynamic property React\Socket\Connection::$decor is deprecated
[2025-12-26 03:14:44] NOTICE: E_DEPRECATED: Creation of dynamic property Ratchet\Server\IoConnection::$resourceId is deprecated
[2025-12-26 03:14:44] NOTICE: E_DEPRECATED: Creation of dynamic property Ratchet\Server\IoConnection::$remoteAddress is deprecated
[2025-12-26 03:14:44] NOTICE: E_DEPRECATED: Creation of dynamic property Ratchet\Server\IoConnection::$httpHeadersReceived is deprecated
[2025-12-26 03:14:44] NOTICE: E_DEPRECATED: Creation of dynamic property Ratchet\Server\IoConnection::$httpBuffer is deprecated
[2025-12-26 03:14:44] NOTICE: E_DEPRECATED: Creation of dynamic property Ratchet\Server\IoConnection::$httpRequest is deprecated
[2025-12-26 03:14:44] NOTICE: E_DEPRECATED: Creation of dynamic property Ratchet\Server\IoConnection::$WebSocket is deprecated
[2025-12-26 03:14:44] NOTICE: E_DEPRECATED: Creation of dynamic property Ratchet\Server\IoConnection::$WAMP is deprecated
[2025-12-26 03:14:47] NOTICE: E_USER_DEPRECATED: Accessing related records with Entity::get is deprecated. Use `$entityManager->getRelation(...)->find()`.
[2025-12-26 03:14:47] NOTICE: E_USER_DEPRECATED: Accessing related records with Entity::get is deprecated. Use `$entityManager->getRelation(...)->find()`.
[2025-12-26 03:14:47] NOTICE: E_USER_DEPRECATED: Accessing related records with Entity::get is deprecated. Use `$entityManager->getRelation(...)->find()`.
[2025-12-26 03:14:47] NOTICE: E_USER_DEPRECATED: Accessing related records with Entity::get is deprecated. Use `$entityManager->getRelation(...)->find()`.
[2025-12-26 03:14:47] NOTICE: E_USER_DEPRECATED: Accessing related records with Entity::get is deprecated. Use `$entityManager->getRelation(...)->find()`.
[2025-12-26 03:14:47] NOTICE: E_USER_DEPRECATED: Accessing related records with Entity::get is deprecated. Use `$entityManager->getRelation(...)->find()`.
[2025-12-26 03:14:47] NOTICE: E_USER_DEPRECATED: Accessing related records with Entity::get is deprecated. Use `$entityManager->getRelation(...)->find()`.
[2025-12-26 03:14:47] NOTICE: E_USER_DEPRECATED: Accessing related records with Entity::get is deprecated. Use `$entityManager->getRelation(...)->find()`.
[2025-12-26 03:14:47] NOTICE: E_USER_DEPRECATED: Accessing related records with Entity::get is deprecated. Use `$entityManager->getRelation(...)->find()`.
[2025-12-26 03:14:47] NOTICE: E_USER_DEPRECATED: Accessing related records with Entity::get is deprecated. Use `$entityManager->getRelation(...)->find()`.
[2025-12-26 03:14:47] NOTICE: E_USER_DEPRECATED: Accessing related records with Entity::get is deprecated. Use `$entityManager->getRelation(...)->find()`.
[2025-12-26 03:14:47] NOTICE: E_USER_DEPRECATED: Accessing related records with Entity::get is deprecated. Use `$entityManager->getRelation(...)->find()`.
[2025-12-26 03:14:47] NOTICE: E_USER_DEPRECATED: Accessing related records with Entity::get is deprecated. Use `$entityManager->getRelation(...)->find()`.
[2025-12-26 03:14:47] NOTICE: E_USER_DEPRECATED: Accessing related records with Entity::get is deprecated. Use `$entityManager->getRelation(...)->find()`.
[2025-12-26 03:14:47] NOTICE: E_USER_DEPRECATED: Accessing related records with Entity::get is deprecated. Use `$entityManager->getRelation(...)->find()`.
[2025-12-26 03:14:47] NOTICE: E_USER_DEPRECATED: Accessing related records with Entity::get is deprecated. Use `$entityManager->getRelation(...)->find()`.
[2025-12-26 03:14:47] NOTICE: E_USER_DEPRECATED: Accessing related records with Entity::get is deprecated. Use `$entityManager->getRelation(...)->find()`.
[2025-12-26 03:14:47] NOTICE: E_USER_DEPRECATED: Accessing related records with Entity::get is deprecated. Use `$entityManager->getRelation(...)->find()`.
[2025-12-26 03:14:47] NOTICE: E_USER_DEPRECATED: Accessing related records with Entity::get is deprecated. Use `$entityManager->getRelation(...)->find()`.
[2025-12-26 03:14:47] NOTICE: E_USER_DEPRECATED: Accessing related records with Entity::get is deprecated. Use `$entityManager->getRelation(...)->find()`.
[2025-12-26 03:14:49] NOTICE: E_USER_DEPRECATED: Accessing related records with Entity::get is deprecated. Use `$entityManager->getRelation(...)->find()`.
[2025-12-26 03:14:49] NOTICE: E_USER_DEPRECATED: Accessing related records with Entity::get is deprecated. Use `$entityManager->getRelation(...)->find()`.
[2025-12-26 03:14:49] NOTICE: E_USER_DEPRECATED: Accessing related records with Entity::get is deprecated. Use `$entityManager->getRelation(...)->find()`.
[2025-12-26 03:14:54] NOTICE: E_USER_DEPRECATED: Accessing related records with Entity::get is deprecated. Use `$entityManager->getRelation(...)->find()`.
[2025-12-26 03:14:54] NOTICE: (403) No read access. :: GET /CSpecification :: /var/www/html/application/Espo/Core/Record/Service.php(880)
[2025-12-26 03:14:54] NOTICE: E_USER_DEPRECATED: Accessing related records with Entity::get is deprecated. Use `$entityManager->getRelation(...)->find()`.
[2025-12-26 03:14:54] NOTICE: E_USER_DEPRECATED: Accessing related records with Entity::get is deprecated. Use `$entityManager->getRelation(...)->find()`.
[2025-12-26 03:16:23] NOTICE: E_DEPRECATED: Creation of dynamic property React\Socket\Connection::$decor is deprecated
[2025-12-26 03:16:23] NOTICE: E_DEPRECATED: Creation of dynamic property Ratchet\Server\IoConnection::$resourceId is deprecated
[2025-12-26 03:16:23] NOTICE: E_DEPRECATED: Creation of dynamic property Ratchet\Server\IoConnection::$remoteAddress is deprecated
[2025-12-26 03:16:23] NOTICE: E_DEPRECATED: Creation of dynamic property Ratchet\Server\IoConnection::$httpHeadersReceived is deprecated
[2025-12-26 03:16:23] NOTICE: E_DEPRECATED: Creation of dynamic property Ratchet\Server\IoConnection::$httpBuffer is deprecated
[2025-12-26 03:16:23] NOTICE: E_DEPRECATED: Creation of dynamic property Ratchet\Server\IoConnection::$httpRequest is deprecated
[2025-12-26 03:16:23] NOTICE: E_DEPRECATED: Creation of dynamic property Ratchet\Server\IoConnection::$WebSocket is deprecated
[2025-12-26 03:16:23] NOTICE: E_DEPRECATED: Creation of dynamic property Ratchet\Server\IoConnection::$WAMP is deprecated
[2025-12-26 03:18:59] NOTICE: E_DEPRECATED: Creation of dynamic property React\Socket\Connection::$decor is deprecated
[2025-12-26 03:18:59] NOTICE: E_DEPRECATED: Creation of dynamic property Ratchet\Server\IoConnection::$resourceId is deprecated
[2025-12-26 03:18:59] NOTICE: E_DEPRECATED: Creation of dynamic property Ratchet\Server\IoConnection::$remoteAddress is deprecated
[2025-12-26 03:18:59] NOTICE: E_DEPRECATED: Creation of dynamic property Ratchet\Server\IoConnection::$httpHeadersReceived is deprecated
[2025-12-26 03:18:59] NOTICE: E_DEPRECATED: Creation of dynamic property Ratchet\Server\IoConnection::$httpBuffer is deprecated
[2025-12-26 03:18:59] NOTICE: E_DEPRECATED: Creation of dynamic property Ratchet\Server\IoConnection::$httpRequest is deprecated
[2025-12-26 03:18:59] NOTICE: E_DEPRECATED: Creation of dynamic property Ratchet\Server\IoConnection::$WebSocket is deprecated
[2025-12-26 03:18:59] NOTICE: E_DEPRECATED: Creation of dynamic property Ratchet\Server\IoConnection::$WAMP is deprecated
[2025-12-26 03:19:00] NOTICE: E_USER_DEPRECATED: Accessing related records with Entity::get is deprecated. Use `$entityManager->getRelation(...)->find()`.
[2025-12-26 03:19:00] NOTICE: E_USER_DEPRECATED: Accessing related records with Entity::get is deprecated. Use `$entityManager->getRelation(...)->find()`.
[2025-12-26 03:19:00] NOTICE: E_USER_DEPRECATED: Accessing related records with Entity::get is deprecated. Use `$entityManager->getRelation(...)->find()`.
[2025-12-26 03:19:00] NOTICE: E_USER_DEPRECATED: Accessing related records with Entity::get is deprecated. Use `$entityManager->getRelation(...)->find()`.
[2025-12-26 03:19:00] NOTICE: E_USER_DEPRECATED: Accessing related records with Entity::get is deprecated. Use `$entityManager->getRelation(...)->find()`.
[2025-12-26 03:19:00] NOTICE: E_USER_DEPRECATED: Accessing related records with Entity::get is deprecated. Use `$entityManager->getRelation(...)->find()`.
[2025-12-26 03:19:00] NOTICE: E_USER_DEPRECATED: Accessing related records with Entity::get is deprecated. Use `$entityManager->getRelation(...)->find()`.
[2025-12-26 03:19:00] NOTICE: E_USER_DEPRECATED: Accessing related records with Entity::get is deprecated. Use `$entityManager->getRelation(...)->find()`.
[2025-12-26 03:19:00] NOTICE: E_USER_DEPRECATED: Accessing related records with Entity::get is deprecated. Use `$entityManager->getRelation(...)->find()`.
[2025-12-26 03:19:00] NOTICE: E_USER_DEPRECATED: Accessing related records with Entity::get is deprecated. Use `$entityManager->getRelation(...)->find()`.
[2025-12-26 03:19:00] NOTICE: E_USER_DEPRECATED: Accessing related records with Entity::get is deprecated. Use `$entityManager->getRelation(...)->find()`.
[2025-12-26 03:19:00] NOTICE: E_USER_DEPRECATED: Accessing related records with Entity::get is deprecated. Use `$entityManager->getRelation(...)->find()`.
[2025-12-26 03:19:00] NOTICE: E_USER_DEPRECATED: Accessing related records with Entity::get is deprecated. Use `$entityManager->getRelation(...)->find()`.
[2025-12-26 03:19:00] NOTICE: E_USER_DEPRECATED: Accessing related records with Entity::get is deprecated. Use `$entityManager->getRelation(...)->find()`.
[2025-12-26 03:19:00] NOTICE: E_USER_DEPRECATED: Accessing related records with Entity::get is deprecated. Use `$entityManager->getRelation(...)->find()`.
[2025-12-26 03:19:00] NOTICE: E_USER_DEPRECATED: Accessing related records with Entity::get is deprecated. Use `$entityManager->getRelation(...)->find()`.
[2025-12-26 03:19:00] NOTICE: E_USER_DEPRECATED: Accessing related records with Entity::get is deprecated. Use `$entityManager->getRelation(...)->find()`.
[2025-12-26 03:19:00] NOTICE: E_USER_DEPRECATED: Accessing related records with Entity::get is deprecated. Use `$entityManager->getRelation(...)->find()`.
[2025-12-26 03:19:00] NOTICE: E_USER_DEPRECATED: Accessing related records with Entity::get is deprecated. Use `$entityManager->getRelation(...)->find()`.
[2025-12-26 03:19:00] NOTICE: E_USER_DEPRECATED: Accessing related records with Entity::get is deprecated. Use `$entityManager->getRelation(...)->find()`.
[2025-12-26 03:19:07] NOTICE: E_USER_DEPRECATED: Accessing related records with Entity::get is deprecated. Use `$entityManager->getRelation(...)->find()`.
[2025-12-26 03:19:07] NOTICE: E_USER_DEPRECATED: Accessing related records with Entity::get is deprecated. Use `$entityManager->getRelation(...)->find()`.
[2025-12-26 03:19:07] NOTICE: E_USER_DEPRECATED: Accessing related records with Entity::get is deprecated. Use `$entityManager->getRelation(...)->find()`.
[2025-12-26 03:19:10] NOTICE: E_USER_DEPRECATED: Accessing related records with Entity::get is deprecated. Use `$entityManager->getRelation(...)->find()`.
[2025-12-26 03:19:11] NOTICE: E_USER_DEPRECATED: Accessing related records with Entity::get is deprecated. Use `$entityManager->getRelation(...)->find()`.
[2025-12-26 03:19:11] NOTICE: E_USER_DEPRECATED: Accessing related records with Entity::get is deprecated. Use `$entityManager->getRelation(...)->find()`.
[2025-12-26 03:19:28] NOTICE: E_DEPRECATED: Creation of dynamic property React\Socket\Connection::$decor is deprecated
[2025-12-26 03:19:28] NOTICE: E_DEPRECATED: Creation of dynamic property Ratchet\Server\IoConnection::$resourceId is deprecated
[2025-12-26 03:19:28] NOTICE: E_DEPRECATED: Creation of dynamic property Ratchet\Server\IoConnection::$remoteAddress is deprecated
[2025-12-26 03:19:28] NOTICE: E_DEPRECATED: Creation of dynamic property Ratchet\Server\IoConnection::$httpHeadersReceived is deprecated
[2025-12-26 03:19:28] NOTICE: E_DEPRECATED: Creation of dynamic property Ratchet\Server\IoConnection::$httpBuffer is deprecated
[2025-12-26 03:19:28] NOTICE: E_DEPRECATED: Creation of dynamic property Ratchet\Server\IoConnection::$httpRequest is deprecated
[2025-12-26 03:19:28] NOTICE: E_DEPRECATED: Creation of dynamic property Ratchet\Server\IoConnection::$WebSocket is deprecated
[2025-12-26 03:19:28] NOTICE: E_DEPRECATED: Creation of dynamic property Ratchet\Server\IoConnection::$WAMP is deprecated
[2025-12-26 03:31:16] NOTICE: E_DEPRECATED: Creation of dynamic property React\Socket\Connection::$decor is deprecated
[2025-12-26 03:31:16] NOTICE: E_DEPRECATED: Creation of dynamic property Ratchet\Server\IoConnection::$resourceId is deprecated
[2025-12-26 03:31:16] NOTICE: E_DEPRECATED: Creation of dynamic property Ratchet\Server\IoConnection::$remoteAddress is deprecated
[2025-12-26 03:31:16] NOTICE: E_DEPRECATED: Creation of dynamic property Ratchet\Server\IoConnection::$httpHeadersReceived is deprecated
[2025-12-26 03:31:16] NOTICE: E_DEPRECATED: Creation of dynamic property Ratchet\Server\IoConnection::$httpBuffer is deprecated
[2025-12-26 03:31:16] NOTICE: E_DEPRECATED: Creation of dynamic property Ratchet\Server\IoConnection::$httpRequest is deprecated
[2025-12-26 03:31:16] NOTICE: E_DEPRECATED: Creation of dynamic property Ratchet\Server\IoConnection::$WebSocket is deprecated
[2025-12-26 03:31:16] NOTICE: E_DEPRECATED: Creation of dynamic property Ratchet\Server\IoConnection::$WAMP is deprecated
[2025-12-26 03:31:21] NOTICE: E_USER_DEPRECATED: Accessing related records with Entity::get is deprecated. Use `$entityManager->getRelation(...)->find()`.
[2025-12-26 03:31:21] NOTICE: E_USER_DEPRECATED: Accessing related records with Entity::get is deprecated. Use `$entityManager->getRelation(...)->find()`.
[2025-12-26 03:31:21] NOTICE: E_USER_DEPRECATED: Accessing related records with Entity::get is deprecated. Use `$entityManager->getRelation(...)->find()`.
[2025-12-26 03:31:21] NOTICE: E_USER_DEPRECATED: Accessing related records with Entity::get is deprecated. Use `$entityManager->getRelation(...)->find()`.
[2025-12-26 03:31:21] NOTICE: E_USER_DEPRECATED: Accessing related records with Entity::get is deprecated. Use `$entityManager->getRelation(...)->find()`.
[2025-12-26 03:31:21] NOTICE: E_USER_DEPRECATED: Accessing related records with Entity::get is deprecated. Use `$entityManager->getRelation(...)->find()`.
[2025-12-26 03:31:21] NOTICE: E_USER_DEPRECATED: Accessing related records with Entity::get is deprecated. Use `$entityManager->getRelation(...)->find()`.
[2025-12-26 03:31:21] NOTICE: E_USER_DEPRECATED: Accessing related records with Entity::get is deprecated. Use `$entityManager->getRelation(...)->find()`.
[2025-12-26 03:31:21] NOTICE: E_USER_DEPRECATED: Accessing related records with Entity::get is deprecated. Use `$entityManager->getRelation(...)->find()`.
[2025-12-26 03:31:21] NOTICE: E_USER_DEPRECATED: Accessing related records with Entity::get is deprecated. Use `$entityManager->getRelation(...)->find()`.
[2025-12-26 03:31:21] NOTICE: E_USER_DEPRECATED: Accessing related records with Entity::get is deprecated. Use `$entityManager->getRelation(...)->find()`.
[2025-12-26 03:31:21] NOTICE: E_USER_DEPRECATED: Accessing related records with Entity::get is deprecated. Use `$entityManager->getRelation(...)->find()`.
[2025-12-26 03:31:21] NOTICE: E_USER_DEPRECATED: Accessing related records with Entity::get is deprecated. Use `$entityManager->getRelation(...)->find()`.
[2025-12-26 03:31:21] NOTICE: E_USER_DEPRECATED: Accessing related records with Entity::get is deprecated. Use `$entityManager->getRelation(...)->find()`.
[2025-12-26 03:31:21] NOTICE: E_USER_DEPRECATED: Accessing related records with Entity::get is deprecated. Use `$entityManager->getRelation(...)->find()`.
[2025-12-26 03:31:21] NOTICE: E_USER_DEPRECATED: Accessing related records with Entity::get is deprecated. Use `$entityManager->getRelation(...)->find()`.
[2025-12-26 03:31:21] NOTICE: E_USER_DEPRECATED: Accessing related records with Entity::get is deprecated. Use `$entityManager->getRelation(...)->find()`.
[2025-12-26 03:31:21] NOTICE: E_USER_DEPRECATED: Accessing related records with Entity::get is deprecated. Use `$entityManager->getRelation(...)->find()`.
[2025-12-26 03:31:21] NOTICE: E_USER_DEPRECATED: Accessing related records with Entity::get is deprecated. Use `$entityManager->getRelation(...)->find()`.
[2025-12-26 03:31:21] NOTICE: E_USER_DEPRECATED: Accessing related records with Entity::get is deprecated. Use `$entityManager->getRelation(...)->find()`.
[2025-12-26 03:31:27] NOTICE: E_USER_DEPRECATED: Accessing related records with Entity::get is deprecated. Use `$entityManager->getRelation(...)->find()`.
[2025-12-26 03:31:27] NOTICE: E_USER_DEPRECATED: Accessing related records with Entity::get is deprecated. Use `$entityManager->getRelation(...)->find()`.
[2025-12-26 03:31:27] NOTICE: E_USER_DEPRECATED: Accessing related records with Entity::get is deprecated. Use `$entityManager->getRelation(...)->find()`.
[2025-12-26 03:31:27] NOTICE: E_USER_DEPRECATED: Accessing related records with Entity::get is deprecated. Use `$entityManager->getRelation(...)->find()`.
[2025-12-26 03:31:27] NOTICE: E_USER_DEPRECATED: Accessing related records with Entity::get is deprecated. Use `$entityManager->getRelation(...)->find()`.
[2025-12-26 03:31:27] NOTICE: E_USER_DEPRECATED: Accessing related records with Entity::get is deprecated. Use `$entityManager->getRelation(...)->find()`.
[2025-12-26 03:31:27] NOTICE: E_USER_DEPRECATED: Accessing related records with Entity::get is deprecated. Use `$entityManager->getRelation(...)->find()`.
[2025-12-26 03:31:27] NOTICE: E_USER_DEPRECATED: Accessing related records with Entity::get is deprecated. Use `$entityManager->getRelation(...)->find()`.
[2025-12-26 03:31:27] NOTICE: E_USER_DEPRECATED: Accessing related records with Entity::get is deprecated. Use `$entityManager->getRelation(...)->find()`.
[2025-12-26 03:31:27] NOTICE: E_USER_DEPRECATED: Accessing related records with Entity::get is deprecated. Use `$entityManager->getRelation(...)->find()`.
[2025-12-26 03:31:27] NOTICE: E_USER_DEPRECATED: Accessing related records with Entity::get is deprecated. Use `$entityManager->getRelation(...)->find()`.
[2025-12-26 03:31:27] NOTICE: E_USER_DEPRECATED: Accessing related records with Entity::get is deprecated. Use `$entityManager->getRelation(...)->find()`.
[2025-12-26 03:31:27] NOTICE: E_USER_DEPRECATED: Accessing related records with Entity::get is deprecated. Use `$entityManager->getRelation(...)->find()`.
[2025-12-26 03:31:27] NOTICE: E_USER_DEPRECATED: Accessing related records with Entity::get is deprecated. Use `$entityManager->getRelation(...)->find()`.
[2025-12-26 03:31:27] NOTICE: E_USER_DEPRECATED: Accessing related records with Entity::get is deprecated. Use `$entityManager->getRelation(...)->find()`.
[2025-12-26 03:31:27] NOTICE: E_USER_DEPRECATED: Accessing related records with Entity::get is deprecated. Use `$entityManager->getRelation(...)->find()`.
[2025-12-26 03:31:27] NOTICE: E_USER_DEPRECATED: Accessing related records with Entity::get is deprecated. Use `$entityManager->getRelation(...)->find()`.
[2025-12-26 03:31:27] NOTICE: E_USER_DEPRECATED: Accessing related records with Entity::get is deprecated. Use `$entityManager->getRelation(...)->find()`.
[2025-12-26 03:31:27] NOTICE: E_USER_DEPRECATED: Accessing related records with Entity::get is deprecated. Use `$entityManager->getRelation(...)->find()`.
[2025-12-26 03:31:27] NOTICE: E_USER_DEPRECATED: Accessing related records with Entity::get is deprecated. Use `$entityManager->getRelation(...)->find()`.
[2025-12-26 03:31:31] NOTICE: E_DEPRECATED: Creation of dynamic property React\Socket\Connection::$decor is deprecated
[2025-12-26 03:31:31] NOTICE: E_DEPRECATED: Creation of dynamic property Ratchet\Server\IoConnection::$resourceId is deprecated
[2025-12-26 03:31:31] NOTICE: E_DEPRECATED: Creation of dynamic property Ratchet\Server\IoConnection::$remoteAddress is deprecated
[2025-12-26 03:31:31] NOTICE: E_DEPRECATED: Creation of dynamic property Ratchet\Server\IoConnection::$httpHeadersReceived is deprecated
[2025-12-26 03:31:31] NOTICE: E_DEPRECATED: Creation of dynamic property Ratchet\Server\IoConnection::$httpBuffer is deprecated
[2025-12-26 03:31:31] NOTICE: E_DEPRECATED: Creation of dynamic property Ratchet\Server\IoConnection::$httpRequest is deprecated
[2025-12-26 03:31:31] NOTICE: E_DEPRECATED: Creation of dynamic property Ratchet\Server\IoConnection::$WebSocket is deprecated
[2025-12-26 03:31:31] NOTICE: E_DEPRECATED: Creation of dynamic property Ratchet\Server\IoConnection::$WAMP is deprecated
[2025-12-26 03:31:33] NOTICE: E_USER_DEPRECATED: Accessing related records with Entity::get is deprecated. Use `$entityManager->getRelation(...)->find()`.
[2025-12-26 03:31:33] NOTICE: E_USER_DEPRECATED: Accessing related records with Entity::get is deprecated. Use `$entityManager->getRelation(...)->find()`.
[2025-12-26 03:31:33] NOTICE: E_USER_DEPRECATED: Accessing related records with Entity::get is deprecated. Use `$entityManager->getRelation(...)->find()`.
[2025-12-26 03:31:33] NOTICE: E_USER_DEPRECATED: Accessing related records with Entity::get is deprecated. Use `$entityManager->getRelation(...)->find()`.
[2025-12-26 03:31:33] NOTICE: E_USER_DEPRECATED: Accessing related records with Entity::get is deprecated. Use `$entityManager->getRelation(...)->find()`.
[2025-12-26 03:31:33] NOTICE: E_USER_DEPRECATED: Accessing related records with Entity::get is deprecated. Use `$entityManager->getRelation(...)->find()`.
[2025-12-26 03:31:33] NOTICE: E_USER_DEPRECATED: Accessing related records with Entity::get is deprecated. Use `$entityManager->getRelation(...)->find()`.
[2025-12-26 03:31:33] NOTICE: E_USER_DEPRECATED: Accessing related records with Entity::get is deprecated. Use `$entityManager->getRelation(...)->find()`.
[2025-12-26 03:31:33] NOTICE: E_USER_DEPRECATED: Accessing related records with Entity::get is deprecated. Use `$entityManager->getRelation(...)->find()`.
[2025-12-26 03:31:33] NOTICE: E_USER_DEPRECATED: Accessing related records with Entity::get is deprecated. Use `$entityManager->getRelation(...)->find()`.
[2025-12-26 03:31:33] NOTICE: E_USER_DEPRECATED: Accessing related records with Entity::get is deprecated. Use `$entityManager->getRelation(...)->find()`.
[2025-12-26 03:31:33] NOTICE: E_USER_DEPRECATED: Accessing related records with Entity::get is deprecated. Use `$entityManager->getRelation(...)->find()`.
[2025-12-26 03:31:33] NOTICE: E_USER_DEPRECATED: Accessing related records with Entity::get is deprecated. Use `$entityManager->getRelation(...)->find()`.
[2025-12-26 03:31:33] NOTICE: E_USER_DEPRECATED: Accessing related records with Entity::get is deprecated. Use `$entityManager->getRelation(...)->find()`.
[2025-12-26 03:31:33] NOTICE: E_USER_DEPRECATED: Accessing related records with Entity::get is deprecated. Use `$entityManager->getRelation(...)->find()`.
[2025-12-26 03:31:33] NOTICE: E_USER_DEPRECATED: Accessing related records with Entity::get is deprecated. Use `$entityManager->getRelation(...)->find()`.
[2025-12-26 03:31:33] NOTICE: E_USER_DEPRECATED: Accessing related records with Entity::get is deprecated. Use `$entityManager->getRelation(...)->find()`.
[2025-12-26 03:31:33] NOTICE: E_USER_DEPRECATED: Accessing related records with Entity::get is deprecated. Use `$entityManager->getRelation(...)->find()`.
[2025-12-26 03:31:33] NOTICE: E_USER_DEPRECATED: Accessing related records with Entity::get is deprecated. Use `$entityManager->getRelation(...)->find()`.
[2025-12-26 03:31:33] NOTICE: E_USER_DEPRECATED: Accessing related records with Entity::get is deprecated. Use `$entityManager->getRelation(...)->find()`.
[2025-12-26 03:31:34] NOTICE: E_USER_DEPRECATED: Accessing related records with Entity::get is deprecated. Use `$entityManager->getRelation(...)->find()`.
[2025-12-26 03:31:34] NOTICE: E_USER_DEPRECATED: Accessing related records with Entity::get is deprecated. Use `$entityManager->getRelation(...)->find()`.
[2025-12-26 03:31:37] NOTICE: E_USER_DEPRECATED: Accessing related records with Entity::get is deprecated. Use `$entityManager->getRelation(...)->find()`.
[2025-12-26 03:31:37] NOTICE: E_USER_DEPRECATED: Accessing related records with Entity::get is deprecated. Use `$entityManager->getRelation(...)->find()`.
[2025-12-26 03:32:04] NOTICE: E_DEPRECATED: Creation of dynamic property React\Socket\Connection::$decor is deprecated
[2025-12-26 03:32:04] NOTICE: E_DEPRECATED: Creation of dynamic property Ratchet\Server\IoConnection::$resourceId is deprecated
[2025-12-26 03:32:04] NOTICE: E_DEPRECATED: Creation of dynamic property Ratchet\Server\IoConnection::$remoteAddress is deprecated
[2025-12-26 03:32:04] NOTICE: E_DEPRECATED: Creation of dynamic property Ratchet\Server\IoConnection::$httpHeadersReceived is deprecated
[2025-12-26 03:32:04] NOTICE: E_DEPRECATED: Creation of dynamic property Ratchet\Server\IoConnection::$httpBuffer is deprecated
[2025-12-26 03:32:04] NOTICE: E_DEPRECATED: Creation of dynamic property Ratchet\Server\IoConnection::$httpRequest is deprecated
[2025-12-26 03:32:04] NOTICE: E_DEPRECATED: Creation of dynamic property Ratchet\Server\IoConnection::$WebSocket is deprecated
[2025-12-26 03:32:04] NOTICE: E_DEPRECATED: Creation of dynamic property Ratchet\Server\IoConnection::$WAMP is deprecated
[2025-12-26 03:32:04] NOTICE: E_USER_DEPRECATED: Accessing related records with Entity::get is deprecated. Use `$entityManager->getRelation(...)->find()`.
[2025-12-26 03:32:04] NOTICE: E_USER_DEPRECATED: Accessing related records with Entity::get is deprecated. Use `$entityManager->getRelation(...)->find()`.
[2025-12-26 03:32:04] NOTICE: E_USER_DEPRECATED: Accessing related records with Entity::get is deprecated. Use `$entityManager->getRelation(...)->find()`.
[2025-12-26 03:32:04] NOTICE: E_USER_DEPRECATED: Accessing related records with Entity::get is deprecated. Use `$entityManager->getRelation(...)->find()`.
[2025-12-26 03:32:04] NOTICE: E_USER_DEPRECATED: Accessing related records with Entity::get is deprecated. Use `$entityManager->getRelation(...)->find()`.
[2025-12-26 03:32:04] NOTICE: E_USER_DEPRECATED: Accessing related records with Entity::get is deprecated. Use `$entityManager->getRelation(...)->find()`.
[2025-12-26 03:32:04] NOTICE: E_USER_DEPRECATED: Accessing related records with Entity::get is deprecated. Use `$entityManager->getRelation(...)->find()`.
[2025-12-26 03:32:04] NOTICE: E_USER_DEPRECATED: Accessing related records with Entity::get is deprecated. Use `$entityManager->getRelation(...)->find()`.
[2025-12-26 03:32:04] NOTICE: E_USER_DEPRECATED: Accessing related records with Entity::get is deprecated. Use `$entityManager->getRelation(...)->find()`.
[2025-12-26 03:32:04] NOTICE: E_USER_DEPRECATED: Accessing related records with Entity::get is deprecated. Use `$entityManager->getRelation(...)->find()`.
[2025-12-26 03:32:04] NOTICE: E_USER_DEPRECATED: Accessing related records with Entity::get is deprecated. Use `$entityManager->getRelation(...)->find()`.
[2025-12-26 03:32:04] NOTICE: E_USER_DEPRECATED: Accessing related records with Entity::get is deprecated. Use `$entityManager->getRelation(...)->find()`.
[2025-12-26 03:32:04] NOTICE: E_USER_DEPRECATED: Accessing related records with Entity::get is deprecated. Use `$entityManager->getRelation(...)->find()`.
[2025-12-26 03:32:04] NOTICE: E_USER_DEPRECATED: Accessing related records with Entity::get is deprecated. Use `$entityManager->getRelation(...)->find()`.
[2025-12-26 03:32:04] NOTICE: E_USER_DEPRECATED: Accessing related records with Entity::get is deprecated. Use `$entityManager->getRelation(...)->find()`.
[2025-12-26 03:32:04] NOTICE: E_USER_DEPRECATED: Accessing related records with Entity::get is deprecated. Use `$entityManager->getRelation(...)->find()`.
[2025-12-26 03:32:04] NOTICE: E_USER_DEPRECATED: Accessing related records with Entity::get is deprecated. Use `$entityManager->getRelation(...)->find()`.
[2025-12-26 03:32:04] NOTICE: E_USER_DEPRECATED: Accessing related records with Entity::get is deprecated. Use `$entityManager->getRelation(...)->find()`.
[2025-12-26 03:32:04] NOTICE: E_USER_DEPRECATED: Accessing related records with Entity::get is deprecated. Use `$entityManager->getRelation(...)->find()`.
[2025-12-26 03:32:04] NOTICE: E_USER_DEPRECATED: Accessing related records with Entity::get is deprecated. Use `$entityManager->getRelation(...)->find()`.
[2025-12-26 03:32:05] NOTICE: E_USER_DEPRECATED: Accessing related records with Entity::get is deprecated. Use `$entityManager->getRelation(...)->find()`.
[2025-12-26 03:32:05] NOTICE: E_USER_DEPRECATED: Accessing related records with Entity::get is deprecated. Use `$entityManager->getRelation(...)->find()`.
[2025-12-26 03:32:05] NOTICE: E_USER_DEPRECATED: Accessing related records with Entity::get is deprecated. Use `$entityManager->getRelation(...)->find()`.
[2025-12-26 03:32:08] NOTICE: E_USER_DEPRECATED: Accessing related records with Entity::get is deprecated. Use `$entityManager->getRelation(...)->find()`.
[2025-12-26 03:32:08] NOTICE: E_USER_DEPRECATED: Accessing related records with Entity::get is deprecated. Use `$entityManager->getRelation(...)->find()`.
[2025-12-26 03:32:08] NOTICE: E_USER_DEPRECATED: Accessing related records with Entity::get is deprecated. Use `$entityManager->getRelation(...)->find()`.
[2025-12-26 03:32:36] NOTICE: E_USER_DEPRECATED: Accessing related records with Entity::get is deprecated. Use `$entityManager->getRelation(...)->find()`.
[2025-12-26 03:32:36] NOTICE: E_USER_DEPRECATED: Accessing related records with Entity::get is deprecated. Use `$entityManager->getRelation(...)->find()`.
[2025-12-26 03:32:36] NOTICE: E_USER_DEPRECATED: Accessing related records with Entity::get is deprecated. Use `$entityManager->getRelation(...)->find()`.
[2025-12-26 03:33:11] NOTICE: E_USER_DEPRECATED: Accessing related records with Entity::get is deprecated. Use `$entityManager->getRelation(...)->find()`.
[2025-12-26 03:33:11] NOTICE: E_USER_DEPRECATED: Accessing related records with Entity::get is deprecated. Use `$entityManager->getRelation(...)->find()`.
[2025-12-26 03:33:11] NOTICE: E_USER_DEPRECATED: Accessing related records with Entity::get is deprecated. Use `$entityManager->getRelation(...)->find()`.
[2025-12-26 03:33:11] NOTICE: E_USER_DEPRECATED: Accessing related records with Entity::get is deprecated. Use `$entityManager->getRelation(...)->find()`.
[2025-12-26 03:33:11] NOTICE: E_USER_DEPRECATED: Accessing related records with Entity::get is deprecated. Use `$entityManager->getRelation(...)->find()`.
[2025-12-26 03:33:11] NOTICE: E_USER_DEPRECATED: Accessing related records with Entity::get is deprecated. Use `$entityManager->getRelation(...)->find()`.
[2025-12-26 03:33:11] NOTICE: E_USER_DEPRECATED: Accessing related records with Entity::get is deprecated. Use `$entityManager->getRelation(...)->find()`.
[2025-12-26 03:33:11] NOTICE: E_USER_DEPRECATED: Accessing related records with Entity::get is deprecated. Use `$entityManager->getRelation(...)->find()`.
[2025-12-26 03:33:11] NOTICE: E_USER_DEPRECATED: Accessing related records with Entity::get is deprecated. Use `$entityManager->getRelation(...)->find()`.
[2025-12-26 03:33:11] NOTICE: E_USER_DEPRECATED: Accessing related records with Entity::get is deprecated. Use `$entityManager->getRelation(...)->find()`.
[2025-12-26 03:33:11] NOTICE: E_USER_DEPRECATED: Accessing related records with Entity::get is deprecated. Use `$entityManager->getRelation(...)->find()`.
[2025-12-26 03:33:11] NOTICE: E_USER_DEPRECATED: Accessing related records with Entity::get is deprecated. Use `$entityManager->getRelation(...)->find()`.
[2025-12-26 03:33:11] NOTICE: E_USER_DEPRECATED: Accessing related records with Entity::get is deprecated. Use `$entityManager->getRelation(...)->find()`.
[2025-12-26 03:33:11] NOTICE: E_USER_DEPRECATED: Accessing related records with Entity::get is deprecated. Use `$entityManager->getRelation(...)->find()`.
[2025-12-26 03:33:11] NOTICE: E_USER_DEPRECATED: Accessing related records with Entity::get is deprecated. Use `$entityManager->getRelation(...)->find()`.
[2025-12-26 03:33:11] NOTICE: E_USER_DEPRECATED: Accessing related records with Entity::get is deprecated. Use `$entityManager->getRelation(...)->find()`.
[2025-12-26 03:33:11] NOTICE: E_USER_DEPRECATED: Accessing related records with Entity::get is deprecated. Use `$entityManager->getRelation(...)->find()`.
[2025-12-26 03:33:11] NOTICE: E_USER_DEPRECATED: Accessing related records with Entity::get is deprecated. Use `$entityManager->getRelation(...)->find()`.
[2025-12-26 03:33:11] NOTICE: E_USER_DEPRECATED: Accessing related records with Entity::get is deprecated. Use `$entityManager->getRelation(...)->find()`.
[2025-12-26 03:33:11] NOTICE: E_USER_DEPRECATED: Accessing related records with Entity::get is deprecated. Use `$entityManager->getRelation(...)->find()`.
[2025-12-26 03:33:21] NOTICE: E_DEPRECATED: Creation of dynamic property React\Socket\Connection::$decor is deprecated
[2025-12-26 03:33:21] NOTICE: E_DEPRECATED: Creation of dynamic property Ratchet\Server\IoConnection::$resourceId is deprecated
[2025-12-26 03:33:21] NOTICE: E_DEPRECATED: Creation of dynamic property Ratchet\Server\IoConnection::$remoteAddress is deprecated
[2025-12-26 03:33:21] NOTICE: E_DEPRECATED: Creation of dynamic property Ratchet\Server\IoConnection::$httpHeadersReceived is deprecated
[2025-12-26 03:33:21] NOTICE: E_DEPRECATED: Creation of dynamic property Ratchet\Server\IoConnection::$httpBuffer is deprecated
[2025-12-26 03:33:21] NOTICE: E_DEPRECATED: Creation of dynamic property Ratchet\Server\IoConnection::$httpRequest is deprecated
[2025-12-26 03:33:21] NOTICE: E_DEPRECATED: Creation of dynamic property Ratchet\Server\IoConnection::$WebSocket is deprecated
[2025-12-26 03:33:21] NOTICE: E_DEPRECATED: Creation of dynamic property Ratchet\Server\IoConnection::$WAMP is deprecated
[2025-12-26 03:33:22] NOTICE: E_USER_DEPRECATED: Accessing related records with Entity::get is deprecated. Use `$entityManager->getRelation(...)->find()`.
[2025-12-26 03:33:22] NOTICE: E_USER_DEPRECATED: Accessing related records with Entity::get is deprecated. Use `$entityManager->getRelation(...)->find()`.
[2025-12-26 03:33:22] NOTICE: E_USER_DEPRECATED: Accessing related records with Entity::get is deprecated. Use `$entityManager->getRelation(...)->find()`.
[2025-12-26 03:33:22] NOTICE: E_USER_DEPRECATED: Accessing related records with Entity::get is deprecated. Use `$entityManager->getRelation(...)->find()`.
[2025-12-26 03:33:22] NOTICE: E_USER_DEPRECATED: Accessing related records with Entity::get is deprecated. Use `$entityManager->getRelation(...)->find()`.
[2025-12-26 03:33:22] NOTICE: E_USER_DEPRECATED: Accessing related records with Entity::get is deprecated. Use `$entityManager->getRelation(...)->find()`.
[2025-12-26 03:33:22] NOTICE: E_USER_DEPRECATED: Accessing related records with Entity::get is deprecated. Use `$entityManager->getRelation(...)->find()`.
[2025-12-26 03:33:22] NOTICE: E_USER_DEPRECATED: Accessing related records with Entity::get is deprecated. Use `$entityManager->getRelation(...)->find()`.
[2025-12-26 03:33:22] NOTICE: E_USER_DEPRECATED: Accessing related records with Entity::get is deprecated. Use `$entityManager->getRelation(...)->find()`.
[2025-12-26 03:33:22] NOTICE: E_USER_DEPRECATED: Accessing related records with Entity::get is deprecated. Use `$entityManager->getRelation(...)->find()`.
[2025-12-26 03:33:22] NOTICE: E_USER_DEPRECATED: Accessing related records with Entity::get is deprecated. Use `$entityManager->getRelation(...)->find()`.
[2025-12-26 03:33:22] NOTICE: E_USER_DEPRECATED: Accessing related records with Entity::get is deprecated. Use `$entityManager->getRelation(...)->find()`.
[2025-12-26 03:33:22] NOTICE: E_USER_DEPRECATED: Accessing related records with Entity::get is deprecated. Use `$entityManager->getRelation(...)->find()`.
[2025-12-26 03:33:22] NOTICE: E_USER_DEPRECATED: Accessing related records with Entity::get is deprecated. Use `$entityManager->getRelation(...)->find()`.
[2025-12-26 03:33:22] NOTICE: E_USER_DEPRECATED: Accessing related records with Entity::get is deprecated. Use `$entityManager->getRelation(...)->find()`.
[2025-12-26 03:33:22] NOTICE: E_USER_DEPRECATED: Accessing related records with Entity::get is deprecated. Use `$entityManager->getRelation(...)->find()`.
[2025-12-26 03:33:22] NOTICE: E_USER_DEPRECATED: Accessing related records with Entity::get is deprecated. Use `$entityManager->getRelation(...)->find()`.
[2025-12-26 03:33:22] NOTICE: E_USER_DEPRECATED: Accessing related records with Entity::get is deprecated. Use `$entityManager->getRelation(...)->find()`.
[2025-12-26 03:33:22] NOTICE: E_USER_DEPRECATED: Accessing related records with Entity::get is deprecated. Use `$entityManager->getRelation(...)->find()`.
[2025-12-26 03:33:22] NOTICE: E_USER_DEPRECATED: Accessing related records with Entity::get is deprecated. Use `$entityManager->getRelation(...)->find()`.
[2025-12-26 03:35:55] NOTICE: E_DEPRECATED: Creation of dynamic property React\Socket\Connection::$decor is deprecated
[2025-12-26 03:35:55] NOTICE: E_DEPRECATED: Creation of dynamic property Ratchet\Server\IoConnection::$resourceId is deprecated
[2025-12-26 03:35:55] NOTICE: E_DEPRECATED: Creation of dynamic property Ratchet\Server\IoConnection::$remoteAddress is deprecated
[2025-12-26 03:35:55] NOTICE: E_DEPRECATED: Creation of dynamic property Ratchet\Server\IoConnection::$httpHeadersReceived is deprecated
[2025-12-26 03:35:55] NOTICE: E_DEPRECATED: Creation of dynamic property Ratchet\Server\IoConnection::$httpBuffer is deprecated
[2025-12-26 03:35:55] NOTICE: E_DEPRECATED: Creation of dynamic property Ratchet\Server\IoConnection::$httpRequest is deprecated
[2025-12-26 03:35:55] NOTICE: E_DEPRECATED: Creation of dynamic property Ratchet\Server\IoConnection::$WebSocket is deprecated
[2025-12-26 03:35:55] NOTICE: E_DEPRECATED: Creation of dynamic property Ratchet\Server\IoConnection::$WAMP is deprecated
[2025-12-26 03:35:56] NOTICE: E_USER_DEPRECATED: Accessing related records with Entity::get is deprecated. Use `$entityManager->getRelation(...)->find()`.
[2025-12-26 03:35:56] NOTICE: E_USER_DEPRECATED: Accessing related records with Entity::get is deprecated. Use `$entityManager->getRelation(...)->find()`.
[2025-12-26 03:35:56] NOTICE: E_USER_DEPRECATED: Accessing related records with Entity::get is deprecated. Use `$entityManager->getRelation(...)->find()`.
[2025-12-26 03:35:56] NOTICE: E_USER_DEPRECATED: Accessing related records with Entity::get is deprecated. Use `$entityManager->getRelation(...)->find()`.
[2025-12-26 03:35:56] NOTICE: E_USER_DEPRECATED: Accessing related records with Entity::get is deprecated. Use `$entityManager->getRelation(...)->find()`.
[2025-12-26 03:35:56] NOTICE: E_USER_DEPRECATED: Accessing related records with Entity::get is deprecated. Use `$entityManager->getRelation(...)->find()`.
[2025-12-26 03:35:56] NOTICE: E_USER_DEPRECATED: Accessing related records with Entity::get is deprecated. Use `$entityManager->getRelation(...)->find()`.
[2025-12-26 03:35:56] NOTICE: E_USER_DEPRECATED: Accessing related records with Entity::get is deprecated. Use `$entityManager->getRelation(...)->find()`.
[2025-12-26 03:35:56] NOTICE: E_USER_DEPRECATED: Accessing related records with Entity::get is deprecated. Use `$entityManager->getRelation(...)->find()`.
[2025-12-26 03:35:56] NOTICE: E_USER_DEPRECATED: Accessing related records with Entity::get is deprecated. Use `$entityManager->getRelation(...)->find()`.
[2025-12-26 03:35:56] NOTICE: E_USER_DEPRECATED: Accessing related records with Entity::get is deprecated. Use `$entityManager->getRelation(...)->find()`.
[2025-12-26 03:35:56] NOTICE: E_USER_DEPRECATED: Accessing related records with Entity::get is deprecated. Use `$entityManager->getRelation(...)->find()`.
[2025-12-26 03:35:56] NOTICE: E_USER_DEPRECATED: Accessing related records with Entity::get is deprecated. Use `$entityManager->getRelation(...)->find()`.
[2025-12-26 03:35:56] NOTICE: E_USER_DEPRECATED: Accessing related records with Entity::get is deprecated. Use `$entityManager->getRelation(...)->find()`.
[2025-12-26 03:35:56] NOTICE: E_USER_DEPRECATED: Accessing related records with Entity::get is deprecated. Use `$entityManager->getRelation(...)->find()`.
[2025-12-26 03:35:56] NOTICE: E_USER_DEPRECATED: Accessing related records with Entity::get is deprecated. Use `$entityManager->getRelation(...)->find()`.
[2025-12-26 03:35:56] NOTICE: E_USER_DEPRECATED: Accessing related records with Entity::get is deprecated. Use `$entityManager->getRelation(...)->find()`.
[2025-12-26 03:35:56] NOTICE: E_USER_DEPRECATED: Accessing related records with Entity::get is deprecated. Use `$entityManager->getRelation(...)->find()`.
[2025-12-26 03:35:56] NOTICE: E_USER_DEPRECATED: Accessing related records with Entity::get is deprecated. Use `$entityManager->getRelation(...)->find()`.
[2025-12-26 03:35:56] NOTICE: E_USER_DEPRECATED: Accessing related records with Entity::get is deprecated. Use `$entityManager->getRelation(...)->find()`.
[2025-12-26 03:35:56] NOTICE: E_USER_DEPRECATED: Accessing related records with Entity::get is deprecated. Use `$entityManager->getRelation(...)->find()`.
[2025-12-26 03:35:56] NOTICE: E_USER_DEPRECATED: Accessing related records with Entity::get is deprecated. Use `$entityManager->getRelation(...)->find()`.
[2025-12-26 03:35:56] NOTICE: E_USER_DEPRECATED: Accessing related records with Entity::get is deprecated. Use `$entityManager->getRelation(...)->find()`.
[2025-12-26 03:35:56] NOTICE: E_USER_DEPRECATED: Accessing related records with Entity::get is deprecated. Use `$entityManager->getRelation(...)->find()`.
[2025-12-26 03:35:56] NOTICE: E_USER_DEPRECATED: Accessing related records with Entity::get is deprecated. Use `$entityManager->getRelation(...)->find()`.
[2025-12-26 03:35:56] NOTICE: E_USER_DEPRECATED: Accessing related records with Entity::get is deprecated. Use `$entityManager->getRelation(...)->find()`.
[2025-12-26 03:35:56] NOTICE: E_USER_DEPRECATED: Accessing related records with Entity::get is deprecated. Use `$entityManager->getRelation(...)->find()`.
[2025-12-26 03:35:56] NOTICE: E_USER_DEPRECATED: Accessing related records with Entity::get is deprecated. Use `$entityManager->getRelation(...)->find()`.
[2025-12-26 03:35:56] NOTICE: E_USER_DEPRECATED: Accessing related records with Entity::get is deprecated. Use `$entityManager->getRelation(...)->find()`.
[2025-12-26 03:35:56] NOTICE: E_USER_DEPRECATED: Accessing related records with Entity::get is deprecated. Use `$entityManager->getRelation(...)->find()`.
[2025-12-26 03:35:56] NOTICE: E_USER_DEPRECATED: Accessing related records with Entity::get is deprecated. Use `$entityManager->getRelation(...)->find()`.
[2025-12-26 03:35:56] NOTICE: E_USER_DEPRECATED: Accessing related records with Entity::get is deprecated. Use `$entityManager->getRelation(...)->find()`.
[2025-12-26 03:35:56] NOTICE: E_USER_DEPRECATED: Accessing related records with Entity::get is deprecated. Use `$entityManager->getRelation(...)->find()`.
[2025-12-26 03:35:56] NOTICE: E_USER_DEPRECATED: Accessing related records with Entity::get is deprecated. Use `$entityManager->getRelation(...)->find()`.
[2025-12-26 03:35:56] NOTICE: E_USER_DEPRECATED: Accessing related records with Entity::get is deprecated. Use `$entityManager->getRelation(...)->find()`.
[2025-12-26 03:35:56] NOTICE: E_USER_DEPRECATED: Accessing related records with Entity::get is deprecated. Use `$entityManager->getRelation(...)->find()`.
[2025-12-26 03:35:56] NOTICE: E_USER_DEPRECATED: Accessing related records with Entity::get is deprecated. Use `$entityManager->getRelation(...)->find()`.
[2025-12-26 03:35:56] NOTICE: E_USER_DEPRECATED: Accessing related records with Entity::get is deprecated. Use `$entityManager->getRelation(...)->find()`.
[2025-12-26 03:35:56] NOTICE: E_USER_DEPRECATED: Accessing related records with Entity::get is deprecated. Use `$entityManager->getRelation(...)->find()`.
[2025-12-26 03:35:56] NOTICE: E_USER_DEPRECATED: Accessing related records with Entity::get is deprecated. Use `$entityManager->getRelation(...)->find()`.
