[2025-12-30 05:43:46] WARNING: E_WARNING: mkdir(): File exists
[2025-12-30 05:49:05] WARNING: E_WARNING: mkdir(): File exists
[2025-12-30 06:15:53] WARNING: E_WARNING: include(/var/www/html/data/cache/application/hooks.php): Failed to open stream: No such file or directory
[2025-12-30 06:15:53] WARNING: E_WARNING: include(): Failed opening 'data/cache/application/hooks.php' for inclusion (include_path='.:/usr/local/lib/php')
[2025-12-30 06:15:53] WARNING: E_WARNING: include(/var/www/html/data/cache/application/hooks.php): Failed to open stream: No such file or directory
[2025-12-30 06:15:53] WARNING: E_WARNING: include(): Failed opening 'data/cache/application/hooks.php' for inclusion (include_path='.:/usr/local/lib/php')
[2025-12-30 06:15:53] WARNING: E_WARNING: include(/var/www/html/data/cache/application/hooks.php): Failed to open stream: No such file or directory
[2025-12-30 06:15:53] WARNING: E_WARNING: include(): Failed opening 'data/cache/application/hooks.php' for inclusion (include_path='.:/usr/local/lib/php')
[2025-12-30 06:15:53] WARNING: E_WARNING: include(/var/www/html/data/cache/application/hooks.php): Failed to open stream: No such file or directory
[2025-12-30 06:15:53] WARNING: E_WARNING: include(): Failed opening 'data/cache/application/hooks.php' for inclusion (include_path='.:/usr/local/lib/php')
[2025-12-30 06:15:53] WARNING: E_WARNING: include(/var/www/html/data/cache/application/hooks.php): Failed to open stream: No such file or directory
[2025-12-30 06:15:53] WARNING: E_WARNING: include(): Failed opening 'data/cache/application/hooks.php' for inclusion (include_path='.:/usr/local/lib/php')
[2025-12-30 06:15:53] WARNING: E_WARNING: include(/var/www/html/data/cache/application/hooks.php): Failed to open stream: No such file or directory
[2025-12-30 06:15:53] WARNING: E_WARNING: include(): Failed opening 'data/cache/application/hooks.php' for inclusion (include_path='.:/usr/local/lib/php')
[2025-12-30 06:15:53] WARNING: E_WARNING: include(/var/www/html/data/cache/application/hooks.php): Failed to open stream: No such file or directory
[2025-12-30 06:15:53] WARNING: E_WARNING: include(): Failed opening 'data/cache/application/hooks.php' for inclusion (include_path='.:/usr/local/lib/php')
[2025-12-30 06:15:53] WARNING: E_WARNING: include(/var/www/html/data/cache/application/hooks.php): Failed to open stream: No such file or directory
[2025-12-30 06:15:53] WARNING: E_WARNING: include(): Failed opening 'data/cache/application/hooks.php' for inclusion (include_path='.:/usr/local/lib/php')
[2025-12-30 06:15:53] WARNING: E_WARNING: include(/var/www/html/data/cache/application/hooks.php): Failed to open stream: No such file or directory
[2025-12-30 06:15:53] WARNING: E_WARNING: include(): Failed opening 'data/cache/application/hooks.php' for inclusion (include_path='.:/usr/local/lib/php')
[2025-12-30 06:15:53] ERROR: JobTask: Failed to run job '69536e18d428b1784'. Error: Bad data stored in file 'data/cache/application/hooks.php'.
[2025-12-30 06:35:02] ERROR: (2002) Uncaught Exception PDOException: "SQLSTATE[HY000] [2002] Connection refused" at /var/www/html/application/Espo/ORM/PDO/MysqlPDOFactory.php line 73 :: /var/www/html/application/Espo/ORM/PDO/MysqlPDOFactory.php(73)
