[2025-12-08 09:44:56] ERROR: Callio: Initiating call for user ID 693128ca918233887 to phone number +84 355 945 022
[2025-12-08 09:44:56] ERROR: Callio: makeCall called
[2025-12-08 09:44:56] WARNING: E_WARNING: Array to string conversion
[2025-12-08 09:44:56] ERROR: Callio: get user token Array
[2025-12-08 09:44:57] ERROR: Callio: api response
[2025-12-08 09:44:57] ERROR: Callio: this is token  adf8f631130215b32bc0139c0e8ac91287c4648bc82b10ad81ca9b145b5ed329d694fa38cfdb906f8310c66bf05ac6e435f46ca2464c92b9a0d50ebf24f84b13
[2025-12-08 09:44:57] ERROR: Callio: call api started
[2025-12-08 09:44:57] ERROR: Callio: api response
[2025-12-08 09:44:57] ERROR: Callio: API returned non-success
[2025-12-08 09:44:57] ERROR: Callio: Failed to make call
[2025-12-08 09:44:57] ERROR: (500) Not Found :: POST /CallioCall/action/initiate :: /var/www/html/custom/Espo/Custom/Services/CallioIntegration.php(192)
[2025-12-08 09:48:18] ERROR: Callio: Initiating call for user ID 693128ca918233887 to phone number +84 355 945 022
[2025-12-08 09:48:18] ERROR: Callio: makeCall called
[2025-12-08 09:48:18] WARNING: E_WARNING: Array to string conversion
[2025-12-08 09:48:18] ERROR: Callio: get user token Array
[2025-12-08 09:48:18] ERROR: Callio: api response
[2025-12-08 09:48:18] ERROR: Callio: this is token  1760a0dc7fc830772fbe2f085007ad41805f4022eb100e012c1f0f36c3e404332383974b51ac3ee6c12464ff99ad28030b62da21d9dbe951399173f612e08e20
[2025-12-08 09:48:18] ERROR: Callio: call api started
[2025-12-08 09:48:18] ERROR: Callio: api response
[2025-12-08 09:48:18] ERROR: Callio: API returned non-success
[2025-12-08 09:48:18] ERROR: Callio: Failed to make call
[2025-12-08 09:48:18] ERROR: (500) Not Found :: POST /CallioCall/action/initiate :: /var/www/html/custom/Espo/Custom/Services/CallioIntegration.php(192)
[2025-12-08 13:00:51] ERROR: Callio: Initiating call for user ID 693128ca918233887 to phone number +84 355 945 022
[2025-12-08 13:00:51] ERROR: Callio: makeCall called
[2025-12-08 13:00:51] WARNING: E_WARNING: Array to string conversion
[2025-12-08 13:00:51] ERROR: Callio: get user token Array
[2025-12-08 13:00:52] ERROR: Callio: api response
[2025-12-08 13:00:52] ERROR: Callio: this is token  bc224332e803fffc7d81dfecf9be3233ac1571f73847a1bdbfd2d0729ad4da973a030d61b91651b7e5be7720cee80a2ee290e1bea8b3822a4471d6912c6fede3
[2025-12-08 13:00:52] ERROR: Callio: call api started
[2025-12-08 13:00:52] ERROR: Callio: api response
[2025-12-08 13:00:52] ERROR: Callio: API returned non-success
[2025-12-08 13:00:52] ERROR: Callio: Failed to make call
[2025-12-08 13:00:52] ERROR: (500) Not Found :: POST /CallioCall/action/initiate :: /var/www/html/custom/Espo/Custom/Services/CallioIntegration.php(192)
